index,uuid,driver_version,name,gpu_serial,display_active,display_mode
0,GPU-06db6818-1180-38a8-66b1-13f5451b3202,580.126.09,NVIDIA GeForce RTX 3090,[N/A],Disabled,[Requested functionality has been deprecated]

pid,process_name,gpu_uuid,gpu_name,used_memory

index,utilization_gpu,memory_total,memory_used,memory_free,timestamp
0,0,24576,18,24074,2026/06/13 09:26:59.363
0,0,24576,21093,2998,2026/06/13 09:27:04.394
0,96,24576,21157,2934,2026/06/13 09:27:09.427
0,52,24576,21157,2934,2026/06/13 09:27:14.462
0,97,24576,21157,2934,2026/06/13 09:27:19.496
0,99,24576,21159,2932,2026/06/13 09:27:24.529
0,97,24576,21159,2932,2026/06/13 09:27:29.564
0,98,24576,21159,2932,2026/06/13 09:27:34.597
0,97,24576,21159,2932,2026/06/13 09:27:39.632
0,98,24576,21159,2932,2026/06/13 09:27:44.666
0,99,24576,21159,2932,2026/06/13 09:27:49.696
0,0,24576,21159,2932,2026/06/13 09:27:54.729
0,6,24576,21159,2932,2026/06/13 09:27:59.760
0,97,24576,21159,2932,2026/06/13 09:28:04.793
0,97,24576,21159,2932,2026/06/13 09:28:09.825
0,97,24576,21159,2932,2026/06/13 09:28:14.856
0,0,24576,21159,2932,2026/06/13 09:28:19.890
0,96,24576,21159,2932,2026/06/13 09:28:24.922
0,94,24576,21159,2932,2026/06/13 09:28:29.954
0,0,24576,21159,2932,2026/06/13 09:28:34.988
0,97,24576,21159,2932,2026/06/13 09:28:40.019
0,98,24576,21159,2932,2026/06/13 09:28:45.055
0,99,24576,21159,2932,2026/06/13 09:28:50.085
0,0,24576,21159,2932,2026/06/13 09:28:55.116
0,0,24576,21159,2932,2026/06/13 09:29:00.149
0,96,24576,21159,2932,2026/06/13 09:29:05.185
0,0,24576,21159,2932,2026/06/13 09:29:10.217
0,64,24576,21159,2932,2026/06/13 09:29:15.252
0,97,24576,21159,2932,2026/06/13 09:29:20.285
0,98,24576,21159,2932,2026/06/13 09:29:25.318
0,96,24576,21159,2932,2026/06/13 09:29:30.354
0,99,24576,21159,2932,2026/06/13 09:29:35.391
0,98,24576,21159,2932,2026/06/13 09:29:40.425
0,96,24576,21159,2932,2026/06/13 09:29:45.458
0,0,24576,21159,2932,2026/06/13 09:29:50.491
0,0,24576,21159,2932,2026/06/13 09:29:55.522
0,0,24576,21159,2932,2026/06/13 09:30:00.554
0,94,24576,21159,2932,2026/06/13 09:30:05.585
0,98,24576,21159,2932,2026/06/13 09:30:10.618
0,98,24576,21159,2932,2026/06/13 09:30:15.653
0,15,24576,21159,2932,2026/06/13 09:30:20.691
0,99,24576,21159,2932,2026/06/13 09:30:25.723
0,98,24576,21159,2932,2026/06/13 09:30:30.756
0,90,24576,21159,2932,2026/06/13 09:30:35.791
0,99,24576,21159,2932,2026/06/13 09:30:40.824
0,0,24576,21159,2932,2026/06/13 09:30:45.857
0,0,24576,21159,2932,2026/06/13 09:30:50.895
0,0,24576,21159,2932,2026/06/13 09:30:55.929
0,0,24576,21159,2932,2026/06/13 09:31:00.964
0,97,24576,21159,2932,2026/06/13 09:31:05.998
0,0,24576,21159,2932,2026/06/13 09:31:11.034
0,97,24576,21159,2932,2026/06/13 09:31:16.068
0,98,24576,21159,2932,2026/06/13 09:31:21.103
0,97,24576,21159,2932,2026/06/13 09:31:26.139
0,99,24576,21159,2932,2026/06/13 09:31:31.172
0,97,24576,21159,2932,2026/06/13 09:31:36.207
0,98,24576,21159,2932,2026/06/13 09:31:41.242
0,0,24576,21159,2932,2026/06/13 09:31:46.273
0,2,24576,21159,2932,2026/06/13 09:31:51.305
0,0,24576,21159,2932,2026/06/13 09:31:56.338
0,96,24576,21159,2932,2026/06/13 09:32:01.369
0,99,24576,21159,2932,2026/06/13 09:32:06.405
0,98,24576,21159,2932,2026/06/13 09:32:11.444
0,98,24576,21159,2932,2026/06/13 09:32:16.477
0,98,24576,21159,2932,2026/06/13 09:32:21.509
0,78,24576,21159,2932,2026/06/13 09:32:26.541
0,92,24576,21159,2932,2026/06/13 09:32:31.574
0,98,24576,21159,2932,2026/06/13 09:32:36.607
0,98,24576,21159,2932,2026/06/13 09:32:41.641
0,97,24576,21159,2932,2026/06/13 09:32:46.674
0,6,24576,21159,2932,2026/06/13 09:32:51.707
0,0,24576,21159,2932,2026/06/13 09:32:56.740
0,99,24576,21159,2932,2026/06/13 09:33:01.774
0,98,24576,21159,2932,2026/06/13 09:33:06.807
0,97,24576,21159,2932,2026/06/13 09:33:11.840
0,97,24576,21159,2932,2026/06/13 09:33:16.875
0,0,24576,21159,2932,2026/06/13 09:33:21.911
0,98,24576,21159,2932,2026/06/13 09:33:26.945
0,0,24576,21159,2932,2026/06/13 09:33:31.979
0,95,24576,21159,2932,2026/06/13 09:33:37.014
0,83,24576,21159,2932,2026/06/13 09:33:42.049
0,0,24576,21159,2932,2026/06/13 09:33:47.084
0,9,24576,21159,2932,2026/06/13 09:33:52.116
0,98,24576,21159,2932,2026/06/13 09:33:57.147
0,97,24576,21159,2932,2026/06/13 09:34:02.184
0,93,24576,21159,2932,2026/06/13 09:34:07.216
0,99,24576,21159,2932,2026/06/13 09:34:12.251
0,0,24576,21159,2932,2026/06/13 09:34:17.285
0,97,24576,21159,2932,2026/06/13 09:34:22.317
0,98,24576,21159,2932,2026/06/13 09:34:27.352
0,98,24576,21159,2932,2026/06/13 09:34:32.388
0,97,24576,21159,2932,2026/06/13 09:34:37.424
0,0,24576,21159,2932,2026/06/13 09:34:42.459
0,9,24576,21159,2932,2026/06/13 09:34:47.492
0,0,24576,21159,2932,2026/06/13 09:34:52.524
0,98,24576,21159,2932,2026/06/13 09:34:57.555
0,0,24576,21159,2932,2026/06/13 09:35:02.587
0,97,24576,21159,2932,2026/06/13 09:35:07.626
0,97,24576,21159,2932,2026/06/13 09:35:12.665
0,97,24576,21159,2932,2026/06/13 09:35:17.703
0,95,24576,21159,2932,2026/06/13 09:35:22.740
0,97,24576,21159,2932,2026/06/13 09:35:27.776
0,98,24576,21159,2932,2026/06/13 09:35:32.811
0,98,24576,21159,2932,2026/06/13 09:35:37.844
0,95,24576,21159,2932,2026/06/13 09:35:42.876
0,10,24576,21159,2932,2026/06/13 09:35:47.910
0,0,24576,21159,2932,2026/06/13 09:35:52.941
0,97,24576,21159,2932,2026/06/13 09:35:57.975
0,92,24576,21159,2932,2026/06/13 09:36:03.012
0,13,24576,21159,2932,2026/06/13 09:36:08.048
0,0,24576,21159,2932,2026/06/13 09:36:13.082
0,0,24576,21159,2932,2026/06/13 09:36:18.111
0,0,24576,21159,2932,2026/06/13 09:36:23.144
0,98,24576,21159,2932,2026/06/13 09:36:28.179
0,97,24576,21159,2932,2026/06/13 09:36:33.213
0,98,24576,21159,2932,2026/06/13 09:36:38.246
0,7,24576,21159,2932,2026/06/13 09:36:43.279
0,0,24576,21159,2932,2026/06/13 09:36:48.313
0,0,24576,21159,2932,2026/06/13 09:36:53.347
0,98,24576,21159,2932,2026/06/13 09:36:58.381
0,99,24576,21159,2932,2026/06/13 09:37:03.413
0,0,24576,21159,2932,2026/06/13 09:37:08.451
0,0,24576,21159,2932,2026/06/13 09:37:13.484
0,98,24576,21159,2932,2026/06/13 09:37:18.519
0,98,24576,21159,2932,2026/06/13 09:37:23.553
0,0,24576,21159,2932,2026/06/13 09:37:28.583
0,98,24576,21159,2932,2026/06/13 09:37:33.620
0,98,24576,21159,2932,2026/06/13 09:37:38.652
0,0,24576,21159,2932,2026/06/13 09:37:43.685
0,7,24576,21159,2932,2026/06/13 09:37:48.720
0,97,24576,21159,2932,2026/06/13 09:37:53.753
0,99,24576,21159,2932,2026/06/13 09:37:58.789
0,98,24576,21159,2932,2026/06/13 09:38:03.823
0,99,24576,21159,2932,2026/06/13 09:38:08.854
0,99,24576,21159,2932,2026/06/13 09:38:13.888
0,16,24576,21159,2932,2026/06/13 09:38:18.923
0,0,24576,21159,2932,2026/06/13 09:38:23.959
0,98,24576,21159,2932,2026/06/13 09:38:28.993
0,97,24576,21159,2932,2026/06/13 09:38:34.030
0,0,24576,21159,2932,2026/06/13 09:38:39.063
0,8,24576,21159,2932,2026/06/13 09:38:44.098
0,33,24576,21159,2932,2026/06/13 09:38:49.139
0,96,24576,21159,2932,2026/06/13 09:38:54.174
0,0,24576,21159,2932,2026/06/13 09:38:59.207
0,97,24576,21159,2932,2026/06/13 09:39:04.242
0,96,24576,21159,2932,2026/06/13 09:39:09.280
0,99,24576,21159,2932,2026/06/13 09:39:14.313
0,98,24576,21159,2932,2026/06/13 09:39:19.346
0,97,24576,21159,2932,2026/06/13 09:39:24.379
0,97,24576,21159,2932,2026/06/13 09:39:29.417
0,0,24576,21159,2932,2026/06/13 09:39:34.449
0,0,24576,21159,2932,2026/06/13 09:39:39.484
0,0,24576,21159,2932,2026/06/13 09:39:44.518
0,98,24576,21159,2932,2026/06/13 09:39:49.551
0,98,24576,21159,2932,2026/06/13 09:39:54.581
0,96,24576,21159,2932,2026/06/13 09:39:59.616
0,97,24576,21159,2932,2026/06/13 09:40:04.652
0,95,24576,21159,2932,2026/06/13 09:40:09.689
0,97,24576,21159,2932,2026/06/13 09:40:14.727
0,96,24576,21159,2932,2026/06/13 09:40:19.762
0,99,24576,21159,2932,2026/06/13 09:40:24.798
0,0,24576,21159,2932,2026/06/13 09:40:29.831
0,0,24576,21159,2932,2026/06/13 09:40:34.871
0,0,24576,21159,2932,2026/06/13 09:40:39.900
0,98,24576,21159,2932,2026/06/13 09:40:44.930
0,96,24576,21159,2932,2026/06/13 09:40:49.961
0,0,24576,21159,2932,2026/06/13 09:40:54.992
0,99,24576,21159,2932,2026/06/13 09:41:00.028
0,96,24576,21159,2932,2026/06/13 09:41:05.065
0,97,24576,21159,2932,2026/06/13 09:41:10.098
0,0,24576,21159,2932,2026/06/13 09:41:15.133
0,98,24576,21159,2932,2026/06/13 09:41:20.169
0,97,24576,21159,2932,2026/06/13 09:41:25.203
0,0,24576,21159,2932,2026/06/13 09:41:30.236
0,2,24576,21159,2932,2026/06/13 09:41:35.269
