2026-06-13 09:27:00.461 | DEBUG    | paddlespeech.s2t:<module>:41 - register user sigmoid to paddle, remove this when fixed!
2026-06-13 09:27:00.462 | DEBUG    | paddlespeech.s2t:<module>:45 - register user log_sigmoid to paddle, remove this when fixed!
2026-06-13 09:27:00.462 | DEBUG    | paddlespeech.s2t:<module>:49 - register user relu to paddle, remove this when fixed!
2026-06-13 09:27:00.462 | DEBUG    | paddlespeech.s2t:<module>:58 - override cat of paddle if exists or register, remove this when fixed!
2026-06-13 09:27:00.462 | DEBUG    | paddlespeech.s2t:<module>:80 - override long of paddle.Tensor if exists or register, remove this when fixed!
2026-06-13 09:27:00.462 | DEBUG    | paddlespeech.s2t:<module>:102 - override new_full of paddle.Tensor if exists or register, remove this when fixed!
2026-06-13 09:27:00.462 | DEBUG    | paddlespeech.s2t:<module>:220 - register user repeat to paddle.Tensor, remove this when fixed!
2026-06-13 09:27:00.462 | DEBUG    | paddlespeech.s2t:<module>:226 - register user softmax to paddle.Tensor, remove this when fixed!
2026-06-13 09:27:00.463 | DEBUG    | paddlespeech.s2t:<module>:236 - register user relu to paddle.Tensor, remove this when fixed!
2026-06-13 09:27:00.463 | DEBUG    | paddlespeech.s2t:<module>:245 - register user type_as to paddle.Tensor, remove this when fixed!
2026-06-13 09:27:00.463 | DEBUG    | paddlespeech.s2t:<module>:272 - register user float to paddle.Tensor, remove this when fixed!
2026-06-13 09:27:00.463 | DEBUG    | paddlespeech.s2t:<module>:283 - register user int to paddle.Tensor, remove this when fixed!
2026-06-13 09:27:01.190 | INFO     | paddlespeech.s2t.utils.utility:all_version:42 - Deps Module Version:[('python', '3.10.14 (main, May  6 2024, 19:42:50) [GCC 11.2.0]'),
 ('paddle', '2.6.2'),
 ('paddle_commit', '8ce0de584c570589117e403322f3d1a0de6554e5'),
 ('soundfile', '0.14.0')]
2026-06-13 09:27:01.191 | INFO     | paddlespeech.s2t.training.trainer:__init__:118 - Rank: 0/1
2026-06-13 09:27:01.261 | INFO     | paddlespeech.s2t.io.batchfy:make_batchset:400 - count is auto detected as seq
2026-06-13 09:27:01.267 | INFO     | paddlespeech.s2t.io.batchfy:make_batchset:424 - # utts: 6754
2026-06-13 09:27:01.267 | INFO     | paddlespeech.s2t.io.batchfy:make_batchset:467 - # minibatches: 216
2026-06-13 09:27:01.275 | WARNING  | paddlespeech.s2t.io.reader:__init__:76 - [Experimental feature] Some preprocessing will be done for the mini-batch creation using Transformation(
    0: LogMelSpectrogramKaldi(fs=16000, n_mels=161, n_frame_shift=10.0, n_frame_length=25.0, dither=0.1))
    1: GlobalCMVN(
            cmvn_path=data/mean_std.json,
            norm_means=True,
            norm_vars=True,))
2026-06-13 09:27:01.278 | INFO     | paddlespeech.s2t.io.batchfy:make_batchset:400 - count is auto detected as seq
2026-06-13 09:27:01.279 | INFO     | paddlespeech.s2t.io.batchfy:make_batchset:424 - # utts: 249
2026-06-13 09:27:01.279 | INFO     | paddlespeech.s2t.io.batchfy:make_batchset:467 - # minibatches: 8
2026-06-13 09:27:01.281 | WARNING  | paddlespeech.s2t.io.reader:__init__:76 - [Experimental feature] Some preprocessing will be done for the mini-batch creation using Transformation(
    0: LogMelSpectrogramKaldi(fs=16000, n_mels=161, n_frame_shift=10.0, n_frame_length=25.0, dither=0.1))
    1: GlobalCMVN(
            cmvn_path=data/mean_std.json,
            norm_means=True,
            norm_vars=True,))
2026-06-13 09:27:01.281 | INFO     | paddlespeech.s2t.exps.deepspeech2.model:setup_dataloader:209 - Setup train/valid Dataloader!
2026-06-13 09:27:01.473 | DEBUG    | paddlespeech.s2t.modules.loss:__init__:40 - CTCLoss Loss reduction: sum, div-bs: True
2026-06-13 09:27:01.473 | DEBUG    | paddlespeech.s2t.modules.loss:__init__:42 - CTCLoss Grad Norm Type: None
2026-06-13 09:27:01.473 | DEBUG    | paddlespeech.s2t.modules.loss:__init__:73 - CTCLoss() kwargs:{'norm_by_times': False}, not support: {'norm_by_batchsize': False, 'norm_by_total_logits_len': False}
2026-06-13 09:27:01.473 | INFO     | paddlespeech.s2t.exps.deepspeech2.model:setup_model:143 - DeepSpeech2Model(
  (encoder): CRNNEncoder(
    (conv): Conv2dSubsampling4Pure(
      (conv): Sequential(
        (0): Conv2D(1, 32, kernel_size=[3, 3], stride=[2, 2], data_format=NCHW)
        (1): ReLU()
        (2): Conv2D(32, 32, kernel_size=[3, 3], stride=[2, 2], data_format=NCHW)
        (3): ReLU()
      )
      (out): Sequential(
        (0): Linear(in_features=1248, out_features=32, dtype=float32)
      )
    )
    (rnn): LayerList(
      (0): LSTM(1248, 1024
        (0): BiRNN(
          (cell_fw): LSTMCell(1248, 1024)
          (cell_bw): LSTMCell(1248, 1024)
        )
      )
      (1): LSTM(2048, 1024
        (0): BiRNN(
          (cell_fw): LSTMCell(2048, 1024)
          (cell_bw): LSTMCell(2048, 1024)
        )
      )
      (2): LSTM(2048, 1024
        (0): BiRNN(
          (cell_fw): LSTMCell(2048, 1024)
          (cell_bw): LSTMCell(2048, 1024)
        )
      )
      (3): LSTM(2048, 1024
        (0): BiRNN(
          (cell_fw): LSTMCell(2048, 1024)
          (cell_bw): LSTMCell(2048, 1024)
        )
      )
      (4): LSTM(2048, 1024
        (0): BiRNN(
          (cell_fw): LSTMCell(2048, 1024)
          (cell_bw): LSTMCell(2048, 1024)
        )
      )
    )
    (layernorm_list): LayerList(
      (0): LayerNorm(normalized_shape=[2048], epsilon=1e-05)
      (1): LayerNorm(normalized_shape=[2048], epsilon=1e-05)
      (2): LayerNorm(normalized_shape=[2048], epsilon=1e-05)
      (3): LayerNorm(normalized_shape=[2048], epsilon=1e-05)
      (4): LayerNorm(normalized_shape=[2048], epsilon=1e-05)
    )
    (fc_layers_list): LayerList()
  )
  (decoder): CTCDecoder(
    (dropout): Dropout(p=0.0, axis=None, mode=upscale_in_train)
    (ctc_lo): Linear(in_features=2048, out_features=31, dtype=float32)
    (criterion): CTCLoss(
      (loss): CTCLoss()
    )
  )
)
2026-06-13 09:27:01.474 | INFO     | paddlespeech.s2t.utils.layer_tools:print_params:57 - encoder.conv.conv.0.weight | [32, 1, 3, 3] | 288 | True
2026-06-13 09:27:01.474 | INFO     | paddlespeech.s2t.utils.layer_tools:print_params:57 - encoder.conv.conv.0.bias | [32] | 32 | True
2026-06-13 09:27:01.474 | INFO     | paddlespeech.s2t.utils.layer_tools:print_params:57 - encoder.conv.conv.2.weight | [32, 32, 3, 3] | 9216 | True
2026-06-13 09:27:01.474 | INFO     | paddlespeech.s2t.utils.layer_tools:print_params:57 - encoder.conv.conv.2.bias | [32] | 32 | True
2026-06-13 09:27:01.475 | INFO     | paddlespeech.s2t.utils.layer_tools:print_params:57 - encoder.conv.out.0.weight | [1248, 32] | 39936 | True
2026-06-13 09:27:01.475 | INFO     | paddlespeech.s2t.utils.layer_tools:print_params:57 - encoder.conv.out.0.bias | [32] | 32 | True
2026-06-13 09:27:01.475 | INFO     | paddlespeech.s2t.utils.layer_tools:print_params:57 - encoder.rnn.0.weight_ih_l0 | [4096, 1248] | 5111808 | True
2026-06-13 09:27:01.475 | INFO     | paddlespeech.s2t.utils.layer_tools:print_params:57 - encoder.rnn.0.weight_hh_l0 | [4096, 1024] | 4194304 | True
2026-06-13 09:27:01.475 | INFO     | paddlespeech.s2t.utils.layer_tools:print_params:57 - encoder.rnn.0.bias_ih_l0 | [4096] | 4096 | True
2026-06-13 09:27:01.476 | INFO     | paddlespeech.s2t.utils.layer_tools:print_params:57 - encoder.rnn.0.bias_hh_l0 | [4096] | 4096 | True
2026-06-13 09:27:01.476 | INFO     | paddlespeech.s2t.utils.layer_tools:print_params:57 - encoder.rnn.0.weight_ih_l0_reverse | [4096, 1248] | 5111808 | True
2026-06-13 09:27:01.476 | INFO     | paddlespeech.s2t.utils.layer_tools:print_params:57 - encoder.rnn.0.weight_hh_l0_reverse | [4096, 1024] | 4194304 | True
2026-06-13 09:27:01.476 | INFO     | paddlespeech.s2t.utils.layer_tools:print_params:57 - encoder.rnn.0.bias_ih_l0_reverse | [4096] | 4096 | True
2026-06-13 09:27:01.476 | INFO     | paddlespeech.s2t.utils.layer_tools:print_params:57 - encoder.rnn.0.bias_hh_l0_reverse | [4096] | 4096 | True
2026-06-13 09:27:01.477 | INFO     | paddlespeech.s2t.utils.layer_tools:print_params:57 - encoder.rnn.1.weight_ih_l0 | [4096, 2048] | 8388608 | True
2026-06-13 09:27:01.477 | INFO     | paddlespeech.s2t.utils.layer_tools:print_params:57 - encoder.rnn.1.weight_hh_l0 | [4096, 1024] | 4194304 | True
2026-06-13 09:27:01.477 | INFO     | paddlespeech.s2t.utils.layer_tools:print_params:57 - encoder.rnn.1.bias_ih_l0 | [4096] | 4096 | True
2026-06-13 09:27:01.477 | INFO     | paddlespeech.s2t.utils.layer_tools:print_params:57 - encoder.rnn.1.bias_hh_l0 | [4096] | 4096 | True
2026-06-13 09:27:01.477 | INFO     | paddlespeech.s2t.utils.layer_tools:print_params:57 - encoder.rnn.1.weight_ih_l0_reverse | [4096, 2048] | 8388608 | True
2026-06-13 09:27:01.478 | INFO     | paddlespeech.s2t.utils.layer_tools:print_params:57 - encoder.rnn.1.weight_hh_l0_reverse | [4096, 1024] | 4194304 | True
2026-06-13 09:27:01.478 | INFO     | paddlespeech.s2t.utils.layer_tools:print_params:57 - encoder.rnn.1.bias_ih_l0_reverse | [4096] | 4096 | True
2026-06-13 09:27:01.478 | INFO     | paddlespeech.s2t.utils.layer_tools:print_params:57 - encoder.rnn.1.bias_hh_l0_reverse | [4096] | 4096 | True
2026-06-13 09:27:01.478 | INFO     | paddlespeech.s2t.utils.layer_tools:print_params:57 - encoder.rnn.2.weight_ih_l0 | [4096, 2048] | 8388608 | True
2026-06-13 09:27:01.478 | INFO     | paddlespeech.s2t.utils.layer_tools:print_params:57 - encoder.rnn.2.weight_hh_l0 | [4096, 1024] | 4194304 | True
2026-06-13 09:27:01.479 | INFO     | paddlespeech.s2t.utils.layer_tools:print_params:57 - encoder.rnn.2.bias_ih_l0 | [4096] | 4096 | True
2026-06-13 09:27:01.479 | INFO     | paddlespeech.s2t.utils.layer_tools:print_params:57 - encoder.rnn.2.bias_hh_l0 | [4096] | 4096 | True
2026-06-13 09:27:01.479 | INFO     | paddlespeech.s2t.utils.layer_tools:print_params:57 - encoder.rnn.2.weight_ih_l0_reverse | [4096, 2048] | 8388608 | True
2026-06-13 09:27:01.479 | INFO     | paddlespeech.s2t.utils.layer_tools:print_params:57 - encoder.rnn.2.weight_hh_l0_reverse | [4096, 1024] | 4194304 | True
2026-06-13 09:27:01.479 | INFO     | paddlespeech.s2t.utils.layer_tools:print_params:57 - encoder.rnn.2.bias_ih_l0_reverse | [4096] | 4096 | True
2026-06-13 09:27:01.480 | INFO     | paddlespeech.s2t.utils.layer_tools:print_params:57 - encoder.rnn.2.bias_hh_l0_reverse | [4096] | 4096 | True
2026-06-13 09:27:01.480 | INFO     | paddlespeech.s2t.utils.layer_tools:print_params:57 - encoder.rnn.3.weight_ih_l0 | [4096, 2048] | 8388608 | True
2026-06-13 09:27:01.480 | INFO     | paddlespeech.s2t.utils.layer_tools:print_params:57 - encoder.rnn.3.weight_hh_l0 | [4096, 1024] | 4194304 | True
2026-06-13 09:27:01.480 | INFO     | paddlespeech.s2t.utils.layer_tools:print_params:57 - encoder.rnn.3.bias_ih_l0 | [4096] | 4096 | True
2026-06-13 09:27:01.480 | INFO     | paddlespeech.s2t.utils.layer_tools:print_params:57 - encoder.rnn.3.bias_hh_l0 | [4096] | 4096 | True
2026-06-13 09:27:01.480 | INFO     | paddlespeech.s2t.utils.layer_tools:print_params:57 - encoder.rnn.3.weight_ih_l0_reverse | [4096, 2048] | 8388608 | True
2026-06-13 09:27:01.481 | INFO     | paddlespeech.s2t.utils.layer_tools:print_params:57 - encoder.rnn.3.weight_hh_l0_reverse | [4096, 1024] | 4194304 | True
2026-06-13 09:27:01.481 | INFO     | paddlespeech.s2t.utils.layer_tools:print_params:57 - encoder.rnn.3.bias_ih_l0_reverse | [4096] | 4096 | True
2026-06-13 09:27:01.481 | INFO     | paddlespeech.s2t.utils.layer_tools:print_params:57 - encoder.rnn.3.bias_hh_l0_reverse | [4096] | 4096 | True
2026-06-13 09:27:01.481 | INFO     | paddlespeech.s2t.utils.layer_tools:print_params:57 - encoder.rnn.4.weight_ih_l0 | [4096, 2048] | 8388608 | True
2026-06-13 09:27:01.481 | INFO     | paddlespeech.s2t.utils.layer_tools:print_params:57 - encoder.rnn.4.weight_hh_l0 | [4096, 1024] | 4194304 | True
2026-06-13 09:27:01.482 | INFO     | paddlespeech.s2t.utils.layer_tools:print_params:57 - encoder.rnn.4.bias_ih_l0 | [4096] | 4096 | True
2026-06-13 09:27:01.482 | INFO     | paddlespeech.s2t.utils.layer_tools:print_params:57 - encoder.rnn.4.bias_hh_l0 | [4096] | 4096 | True
2026-06-13 09:27:01.482 | INFO     | paddlespeech.s2t.utils.layer_tools:print_params:57 - encoder.rnn.4.weight_ih_l0_reverse | [4096, 2048] | 8388608 | True
2026-06-13 09:27:01.482 | INFO     | paddlespeech.s2t.utils.layer_tools:print_params:57 - encoder.rnn.4.weight_hh_l0_reverse | [4096, 1024] | 4194304 | True
2026-06-13 09:27:01.482 | INFO     | paddlespeech.s2t.utils.layer_tools:print_params:57 - encoder.rnn.4.bias_ih_l0_reverse | [4096] | 4096 | True
2026-06-13 09:27:01.483 | INFO     | paddlespeech.s2t.utils.layer_tools:print_params:57 - encoder.rnn.4.bias_hh_l0_reverse | [4096] | 4096 | True
2026-06-13 09:27:01.483 | INFO     | paddlespeech.s2t.utils.layer_tools:print_params:57 - encoder.layernorm_list.0.weight | [2048] | 2048 | True
2026-06-13 09:27:01.483 | INFO     | paddlespeech.s2t.utils.layer_tools:print_params:57 - encoder.layernorm_list.0.bias | [2048] | 2048 | True
2026-06-13 09:27:01.483 | INFO     | paddlespeech.s2t.utils.layer_tools:print_params:57 - encoder.layernorm_list.1.weight | [2048] | 2048 | True
2026-06-13 09:27:01.483 | INFO     | paddlespeech.s2t.utils.layer_tools:print_params:57 - encoder.layernorm_list.1.bias | [2048] | 2048 | True
2026-06-13 09:27:01.484 | INFO     | paddlespeech.s2t.utils.layer_tools:print_params:57 - encoder.layernorm_list.2.weight | [2048] | 2048 | True
2026-06-13 09:27:01.484 | INFO     | paddlespeech.s2t.utils.layer_tools:print_params:57 - encoder.layernorm_list.2.bias | [2048] | 2048 | True
2026-06-13 09:27:01.484 | INFO     | paddlespeech.s2t.utils.layer_tools:print_params:57 - encoder.layernorm_list.3.weight | [2048] | 2048 | True
2026-06-13 09:27:01.484 | INFO     | paddlespeech.s2t.utils.layer_tools:print_params:57 - encoder.layernorm_list.3.bias | [2048] | 2048 | True
2026-06-13 09:27:01.484 | INFO     | paddlespeech.s2t.utils.layer_tools:print_params:57 - encoder.layernorm_list.4.weight | [2048] | 2048 | True
2026-06-13 09:27:01.485 | INFO     | paddlespeech.s2t.utils.layer_tools:print_params:57 - encoder.layernorm_list.4.bias | [2048] | 2048 | True
2026-06-13 09:27:01.485 | INFO     | paddlespeech.s2t.utils.layer_tools:print_params:57 - decoder.ctc_lo.weight | [2048, 31] | 63488 | True
2026-06-13 09:27:01.486 | INFO     | paddlespeech.s2t.utils.layer_tools:print_params:57 - decoder.ctc_lo.bias | [31] | 31 | True
2026-06-13 09:27:01.486 | INFO     | paddlespeech.s2t.utils.layer_tools:print_params:60 - Total parameters: 58.0, 113.96M elements.
2026-06-13 09:27:01.487 | INFO     | paddlespeech.s2t.exps.deepspeech2.model:setup_model:146 - Setup model!
2026-06-13 09:27:01.487 | INFO     | paddlespeech.s2t.exps.deepspeech2.model:setup_model:161 - Setup optimizer/lr_scheduler!
2026-06-13 09:27:01.488 | INFO     | paddlespeech.s2t.training.trainer:resume_or_scratch:235 - Init from scratch!
2026-06-13 09:27:03.236 | INFO     | paddlespeech.s2t.utils.checkpoint:_save_parameters:286 - Saved model to exp/deepspeech2/checkpoints/init.pdparams
2026-06-13 09:27:03.237 | INFO     | paddlespeech.s2t.utils.checkpoint:_save_parameters:292 - Saved optimzier state to exp/deepspeech2/checkpoints/init.pdopt
2026-06-13 09:27:03.238 | INFO     | paddlespeech.s2t.training.trainer:do_train:280 - Train Total Examples: 216
2026-06-13 09:27:08.868 | INFO     | paddlespeech.s2t.training.trainer:do_train:312 - Train: Rank: 0, epoch: 0, step: 19, lr: 0.00050000, train_loss: 284.51361084, batch_size: 32, accum: 1, step_cost: 0.17803836, iter: 20, total: 216, reader_cost: 0.00028515, batch_cost: 0.17832351, samples: 32, ips samples/s: 179.44913984
2026-06-13 09:27:12.418 | INFO     | paddlespeech.s2t.training.trainer:do_train:312 - Train: Rank: 0, epoch: 0, step: 39, lr: 0.00050000, train_loss: 218.30786133, batch_size: 32, accum: 1, step_cost: 0.15477324, iter: 40, total: 216, reader_cost: 0.00028968, batch_cost: 0.15506291, samples: 32, ips samples/s: 206.36784900
2026-06-13 09:27:17.105 | INFO     | paddlespeech.s2t.training.trainer:do_train:312 - Train: Rank: 0, epoch: 0, step: 59, lr: 0.00050000, train_loss: 168.96392822, batch_size: 32, accum: 1, step_cost: 0.13594651, iter: 60, total: 216, reader_cost: 0.00029469, batch_cost: 0.13624120, samples: 32, ips samples/s: 234.87755956
2026-06-13 09:27:21.583 | INFO     | paddlespeech.s2t.training.trainer:do_train:312 - Train: Rank: 0, epoch: 0, step: 79, lr: 0.00050000, train_loss: 239.78799438, batch_size: 32, accum: 1, step_cost: 0.15894794, iter: 80, total: 216, reader_cost: 0.00031519, batch_cost: 0.15926313, samples: 32, ips samples/s: 200.92534409
2026-06-13 09:27:25.823 | INFO     | paddlespeech.s2t.training.trainer:do_train:312 - Train: Rank: 0, epoch: 0, step: 99, lr: 0.00050000, train_loss: 233.21867371, batch_size: 32, accum: 1, step_cost: 0.16977024, iter: 100, total: 216, reader_cost: 0.00032616, batch_cost: 0.17009640, samples: 32, ips samples/s: 188.12861700
2026-06-13 09:27:29.107 | INFO     | paddlespeech.s2t.training.trainer:do_train:312 - Train: Rank: 0, epoch: 0, step: 119, lr: 0.00050000, train_loss: 128.17910767, batch_size: 32, accum: 1, step_cost: 0.09621453, iter: 120, total: 216, reader_cost: 0.00035214, batch_cost: 0.09656668, samples: 32, ips samples/s: 331.37725107
2026-06-13 09:27:32.366 | INFO     | paddlespeech.s2t.training.trainer:do_train:312 - Train: Rank: 0, epoch: 0, step: 139, lr: 0.00050000, train_loss: 221.04600525, batch_size: 32, accum: 1, step_cost: 0.15320420, iter: 140, total: 216, reader_cost: 0.00034499, batch_cost: 0.15354919, samples: 32, ips samples/s: 208.40226573
2026-06-13 09:27:37.930 | INFO     | paddlespeech.s2t.training.trainer:do_train:312 - Train: Rank: 0, epoch: 0, step: 159, lr: 0.00050000, train_loss: 416.53219604, batch_size: 32, accum: 1, step_cost: 0.27179646, iter: 160, total: 216, reader_cost: 0.92905498, batch_cost: 1.20085144, samples: 32, ips samples/s: 26.64775918
2026-06-13 09:27:41.154 | INFO     | paddlespeech.s2t.training.trainer:do_train:312 - Train: Rank: 0, epoch: 0, step: 179, lr: 0.00050000, train_loss: 179.05566406, batch_size: 32, accum: 1, step_cost: 0.12214899, iter: 180, total: 216, reader_cost: 0.00032663, batch_cost: 0.12247562, samples: 32, ips samples/s: 261.27648044
2026-06-13 09:27:46.242 | INFO     | paddlespeech.s2t.training.trainer:do_train:312 - Train: Rank: 0, epoch: 0, step: 199, lr: 0.00050000, train_loss: 246.64959717, batch_size: 32, accum: 1, step_cost: 0.17827868, iter: 200, total: 216, reader_cost: 0.00034738, batch_cost: 0.17862606, samples: 32, ips samples/s: 179.14519255
2026-06-13 09:27:49.548 | INFO     | paddlespeech.s2t.training.timer:__exit__:44 - Epoch-Train Time Cost: 0:00:46.309560
2026-06-13 09:27:49.548 | INFO     | paddlespeech.s2t.exps.deepspeech2.model:valid:98 - Valid Total Examples: 8
2026-06-13 09:27:52.739 | INFO     | paddlespeech.s2t.exps.deepspeech2.model:valid:125 - Rank 0 Val info val_loss 259.1727793884277
2026-06-13 09:27:52.740 | INFO     | paddlespeech.s2t.training.timer:__exit__:44 - Eval Time Cost: 0:00:03.191317
2026-06-13 09:27:52.740 | INFO     | paddlespeech.s2t.training.trainer:do_train:331 - Epoch 0 Val info val_loss 259.1727793884277
2026-06-13 09:27:54.590 | INFO     | paddlespeech.s2t.utils.checkpoint:_save_parameters:286 - Saved model to exp/deepspeech2/checkpoints/0.pdparams
2026-06-13 09:27:56.535 | INFO     | paddlespeech.s2t.utils.checkpoint:_save_parameters:292 - Saved optimzier state to exp/deepspeech2/checkpoints/0.pdopt
2026-06-13 09:27:58.860 | INFO     | paddlespeech.s2t.utils.checkpoint:_save_parameters:286 - Saved model to exp/deepspeech2/checkpoints/0.pdparams
2026-06-13 09:28:01.210 | INFO     | paddlespeech.s2t.utils.checkpoint:_save_parameters:292 - Saved optimzier state to exp/deepspeech2/checkpoints/0.pdopt
2026-06-13 09:28:08.432 | INFO     | paddlespeech.s2t.training.trainer:do_train:312 - Train: Rank: 0, epoch: 1, step: 235, lr: 0.00046500, train_loss: 214.50756836, batch_size: 32, accum: 1, step_cost: 0.15192509, iter: 20, total: 216, reader_cost: 0.00031447, batch_cost: 0.15223956, samples: 32, ips samples/s: 210.19503586
2026-06-13 09:28:13.150 | INFO     | paddlespeech.s2t.training.trainer:do_train:312 - Train: Rank: 0, epoch: 1, step: 255, lr: 0.00046500, train_loss: 215.21298218, batch_size: 32, accum: 1, step_cost: 0.15391517, iter: 40, total: 216, reader_cost: 0.00029731, batch_cost: 0.15421247, samples: 32, ips samples/s: 207.50591051
2026-06-13 09:28:16.989 | INFO     | paddlespeech.s2t.training.trainer:do_train:312 - Train: Rank: 0, epoch: 1, step: 275, lr: 0.00046500, train_loss: 283.58660889, batch_size: 32, accum: 1, step_cost: 0.20082688, iter: 60, total: 216, reader_cost: 0.00034261, batch_cost: 0.20116949, samples: 32, ips samples/s: 159.06984638
2026-06-13 09:28:22.122 | INFO     | paddlespeech.s2t.training.trainer:do_train:312 - Train: Rank: 0, epoch: 1, step: 295, lr: 0.00046500, train_loss: 203.40216064, batch_size: 32, accum: 1, step_cost: 0.13448405, iter: 80, total: 216, reader_cost: 0.00025105, batch_cost: 0.13473511, samples: 32, ips samples/s: 237.50305776
2026-06-13 09:28:26.170 | INFO     | paddlespeech.s2t.training.trainer:do_train:312 - Train: Rank: 0, epoch: 1, step: 315, lr: 0.00046500, train_loss: 209.70065308, batch_size: 32, accum: 1, step_cost: 0.15068150, iter: 100, total: 216, reader_cost: 0.00032401, batch_cost: 0.15100551, samples: 32, ips samples/s: 211.91280198
2026-06-13 09:28:29.165 | INFO     | paddlespeech.s2t.training.trainer:do_train:312 - Train: Rank: 0, epoch: 1, step: 335, lr: 0.00046500, train_loss: 147.68386841, batch_size: 32, accum: 1, step_cost: 0.10859919, iter: 120, total: 216, reader_cost: 0.00034523, batch_cost: 0.10894442, samples: 32, ips samples/s: 293.72776652
2026-06-13 09:28:33.642 | INFO     | paddlespeech.s2t.training.trainer:do_train:312 - Train: Rank: 0, epoch: 1, step: 355, lr: 0.00046500, train_loss: 209.62333679, batch_size: 32, accum: 1, step_cost: 0.14212751, iter: 140, total: 216, reader_cost: 0.00031495, batch_cost: 0.14244246, samples: 32, ips samples/s: 224.65210805
2026-06-13 09:28:38.251 | INFO     | paddlespeech.s2t.training.trainer:do_train:312 - Train: Rank: 0, epoch: 1, step: 375, lr: 0.00046500, train_loss: 432.40936279, batch_size: 32, accum: 1, step_cost: 0.28021693, iter: 160, total: 216, reader_cost: 0.05001140, batch_cost: 0.33022833, samples: 32, ips samples/s: 96.90264953
2026-06-13 09:28:42.020 | INFO     | paddlespeech.s2t.training.trainer:do_train:312 - Train: Rank: 0, epoch: 1, step: 395, lr: 0.00046500, train_loss: 94.85430908, batch_size: 32, accum: 1, step_cost: 0.09241343, iter: 180, total: 216, reader_cost: 0.00033641, batch_cost: 0.09274983, samples: 32, ips samples/s: 345.01409435
2026-06-13 09:28:46.328 | INFO     | paddlespeech.s2t.training.trainer:do_train:312 - Train: Rank: 0, epoch: 1, step: 415, lr: 0.00046500, train_loss: 15.71285725, batch_size: 32, accum: 1, step_cost: 0.04418135, iter: 200, total: 216, reader_cost: 0.00029898, batch_cost: 0.04448032, samples: 32, ips samples/s: 719.41922343
2026-06-13 09:28:49.584 | INFO     | paddlespeech.s2t.training.timer:__exit__:44 - Epoch-Train Time Cost: 0:00:48.372107
2026-06-13 09:28:49.585 | INFO     | paddlespeech.s2t.exps.deepspeech2.model:valid:98 - Valid Total Examples: 8
2026-06-13 09:28:52.824 | INFO     | paddlespeech.s2t.exps.deepspeech2.model:valid:125 - Rank 0 Val info val_loss 258.9233022766113
2026-06-13 09:28:52.824 | INFO     | paddlespeech.s2t.training.timer:__exit__:44 - Eval Time Cost: 0:00:03.239816
2026-06-13 09:28:52.825 | INFO     | paddlespeech.s2t.training.trainer:do_train:331 - Epoch 1 Val info val_loss 258.9233022766113
2026-06-13 09:28:54.684 | INFO     | paddlespeech.s2t.utils.checkpoint:_save_parameters:286 - Saved model to exp/deepspeech2/checkpoints/1.pdparams
2026-06-13 09:28:56.539 | INFO     | paddlespeech.s2t.utils.checkpoint:_save_parameters:292 - Saved optimzier state to exp/deepspeech2/checkpoints/1.pdopt
2026-06-13 09:28:58.579 | INFO     | paddlespeech.s2t.utils.checkpoint:_save_parameters:286 - Saved model to exp/deepspeech2/checkpoints/1.pdparams
2026-06-13 09:29:00.799 | INFO     | paddlespeech.s2t.utils.checkpoint:_save_parameters:292 - Saved optimzier state to exp/deepspeech2/checkpoints/1.pdopt
2026-06-13 09:29:07.363 | INFO     | paddlespeech.s2t.training.trainer:do_train:312 - Train: Rank: 0, epoch: 2, step: 451, lr: 0.00043245, train_loss: 350.78506470, batch_size: 32, accum: 1, step_cost: 0.23658824, iter: 20, total: 216, reader_cost: 0.00031567, batch_cost: 0.23690391, samples: 32, ips samples/s: 135.07586497
2026-06-13 09:29:11.626 | INFO     | paddlespeech.s2t.training.trainer:do_train:312 - Train: Rank: 0, epoch: 2, step: 471, lr: 0.00043245, train_loss: 177.68316650, batch_size: 32, accum: 1, step_cost: 0.12592387, iter: 40, total: 216, reader_cost: 0.00032520, batch_cost: 0.12624907, samples: 32, ips samples/s: 253.46720375
2026-06-13 09:29:15.555 | INFO     | paddlespeech.s2t.training.trainer:do_train:312 - Train: Rank: 0, epoch: 2, step: 491, lr: 0.00043245, train_loss: 242.67303467, batch_size: 32, accum: 1, step_cost: 0.18861675, iter: 60, total: 216, reader_cost: 0.00033760, batch_cost: 0.18895435, samples: 32, ips samples/s: 169.35307092
2026-06-13 09:29:20.562 | INFO     | paddlespeech.s2t.training.trainer:do_train:312 - Train: Rank: 0, epoch: 2, step: 511, lr: 0.00043245, train_loss: 298.09698486, batch_size: 32, accum: 1, step_cost: 0.20924616, iter: 80, total: 216, reader_cost: 0.00028872, batch_cost: 0.20953488, samples: 32, ips samples/s: 152.71920105
2026-06-13 09:29:24.585 | INFO     | paddlespeech.s2t.training.trainer:do_train:312 - Train: Rank: 0, epoch: 2, step: 531, lr: 0.00043245, train_loss: 399.16650391, batch_size: 32, accum: 1, step_cost: 0.25742531, iter: 100, total: 216, reader_cost: 1.04803872, batch_cost: 1.30546403, samples: 32, ips samples/s: 24.51235674
2026-06-13 09:29:27.883 | INFO     | paddlespeech.s2t.training.trainer:do_train:312 - Train: Rank: 0, epoch: 2, step: 551, lr: 0.00043245, train_loss: 431.48919678, batch_size: 32, accum: 1, step_cost: 0.21300602, iter: 120, total: 216, reader_cost: 0.00039411, batch_cost: 0.21340013, samples: 32, ips samples/s: 149.95305145
2026-06-13 09:29:33.377 | INFO     | paddlespeech.s2t.training.trainer:do_train:312 - Train: Rank: 0, epoch: 2, step: 571, lr: 0.00043245, train_loss: 119.62037659, batch_size: 32, accum: 1, step_cost: 0.09220886, iter: 140, total: 216, reader_cost: 0.00035930, batch_cost: 0.09256816, samples: 32, ips samples/s: 345.69122158
2026-06-13 09:29:36.999 | INFO     | paddlespeech.s2t.training.trainer:do_train:312 - Train: Rank: 0, epoch: 2, step: 591, lr: 0.00043245, train_loss: 272.63470459, batch_size: 32, accum: 1, step_cost: 0.19625187, iter: 160, total: 216, reader_cost: 0.00027609, batch_cost: 0.19652796, samples: 32, ips samples/s: 162.82670588
2026-06-13 09:29:41.069 | INFO     | paddlespeech.s2t.training.trainer:do_train:312 - Train: Rank: 0, epoch: 2, step: 611, lr: 0.00043245, train_loss: 87.35831451, batch_size: 32, accum: 1, step_cost: 0.08610654, iter: 180, total: 216, reader_cost: 0.00033021, batch_cost: 0.08643675, samples: 32, ips samples/s: 370.21290775
2026-06-13 09:29:45.583 | INFO     | paddlespeech.s2t.training.trainer:do_train:312 - Train: Rank: 0, epoch: 2, step: 631, lr: 0.00043245, train_loss: 290.11880493, batch_size: 32, accum: 1, step_cost: 0.21163392, iter: 200, total: 216, reader_cost: 0.00031328, batch_cost: 0.21194720, samples: 32, ips samples/s: 150.98099713
2026-06-13 09:29:48.492 | INFO     | paddlespeech.s2t.training.timer:__exit__:44 - Epoch-Train Time Cost: 0:00:47.691178
2026-06-13 09:29:48.493 | INFO     | paddlespeech.s2t.exps.deepspeech2.model:valid:98 - Valid Total Examples: 8
2026-06-13 09:29:51.740 | INFO     | paddlespeech.s2t.exps.deepspeech2.model:valid:125 - Rank 0 Val info val_loss 259.08915673828125
2026-06-13 09:29:51.741 | INFO     | paddlespeech.s2t.training.timer:__exit__:44 - Eval Time Cost: 0:00:03.248430
2026-06-13 09:29:51.741 | INFO     | paddlespeech.s2t.training.trainer:do_train:331 - Epoch 2 Val info val_loss 259.08915673828125
2026-06-13 09:29:53.490 | INFO     | paddlespeech.s2t.utils.checkpoint:_save_parameters:286 - Saved model to exp/deepspeech2/checkpoints/2.pdparams
2026-06-13 09:29:55.120 | INFO     | paddlespeech.s2t.utils.checkpoint:_save_parameters:292 - Saved optimzier state to exp/deepspeech2/checkpoints/2.pdopt
2026-06-13 09:29:57.276 | INFO     | paddlespeech.s2t.utils.checkpoint:_save_parameters:286 - Saved model to exp/deepspeech2/checkpoints/2.pdparams
2026-06-13 09:29:59.385 | INFO     | paddlespeech.s2t.utils.checkpoint:_save_parameters:292 - Saved optimzier state to exp/deepspeech2/checkpoints/2.pdopt
2026-06-13 09:30:05.036 | INFO     | paddlespeech.s2t.training.trainer:do_train:312 - Train: Rank: 0, epoch: 3, step: 667, lr: 0.00040218, train_loss: 79.58025360, batch_size: 32, accum: 1, step_cost: 0.06870341, iter: 20, total: 216, reader_cost: 0.00044084, batch_cost: 0.06914425, samples: 32, ips samples/s: 462.80060135
2026-06-13 09:30:10.189 | INFO     | paddlespeech.s2t.training.trainer:do_train:312 - Train: Rank: 0, epoch: 3, step: 687, lr: 0.00040218, train_loss: 402.38839722, batch_size: 32, accum: 1, step_cost: 0.25433707, iter: 40, total: 216, reader_cost: 0.53723216, batch_cost: 0.79156923, samples: 32, ips samples/s: 40.42602803
2026-06-13 09:30:14.582 | INFO     | paddlespeech.s2t.training.trainer:do_train:312 - Train: Rank: 0, epoch: 3, step: 707, lr: 0.00040218, train_loss: 87.78467560, batch_size: 32, accum: 1, step_cost: 0.07560754, iter: 60, total: 216, reader_cost: 0.00031781, batch_cost: 0.07592535, samples: 32, ips samples/s: 421.46661056
2026-06-13 09:30:17.880 | INFO     | paddlespeech.s2t.training.trainer:do_train:312 - Train: Rank: 0, epoch: 3, step: 727, lr: 0.00040218, train_loss: 215.16227722, batch_size: 32, accum: 1, step_cost: 0.14710641, iter: 80, total: 216, reader_cost: 0.11813307, batch_cost: 0.26523948, samples: 32, ips samples/s: 120.64569099
2026-06-13 09:30:22.335 | INFO     | paddlespeech.s2t.training.trainer:do_train:312 - Train: Rank: 0, epoch: 3, step: 747, lr: 0.00040218, train_loss: 343.06903076, batch_size: 32, accum: 1, step_cost: 0.22916627, iter: 100, total: 216, reader_cost: 0.00030446, batch_cost: 0.22947073, samples: 32, ips samples/s: 139.45133667
2026-06-13 09:30:25.939 | INFO     | paddlespeech.s2t.training.trainer:do_train:312 - Train: Rank: 0, epoch: 3, step: 767, lr: 0.00040218, train_loss: 55.91389084, batch_size: 32, accum: 1, step_cost: 0.05611396, iter: 120, total: 216, reader_cost: 0.00109768, batch_cost: 0.05721164, samples: 32, ips samples/s: 559.32676288
2026-06-13 09:30:31.252 | INFO     | paddlespeech.s2t.training.trainer:do_train:312 - Train: Rank: 0, epoch: 3, step: 787, lr: 0.00040218, train_loss: 147.20571899, batch_size: 32, accum: 1, step_cost: 0.12105799, iter: 140, total: 216, reader_cost: 0.00032115, batch_cost: 0.12137914, samples: 32, ips samples/s: 263.63674006
2026-06-13 09:30:34.925 | INFO     | paddlespeech.s2t.training.trainer:do_train:312 - Train: Rank: 0, epoch: 3, step: 807, lr: 0.00040218, train_loss: 321.62484741, batch_size: 32, accum: 1, step_cost: 0.21759105, iter: 160, total: 216, reader_cost: 0.05496287, batch_cost: 0.27255392, samples: 32, ips samples/s: 117.40796064
2026-06-13 09:30:40.031 | INFO     | paddlespeech.s2t.training.trainer:do_train:312 - Train: Rank: 0, epoch: 3, step: 827, lr: 0.00040218, train_loss: 362.11242676, batch_size: 32, accum: 1, step_cost: 0.24149942, iter: 180, total: 216, reader_cost: 0.00031781, batch_cost: 0.24181724, samples: 32, ips samples/s: 132.33134468
2026-06-13 09:30:44.506 | INFO     | paddlespeech.s2t.training.trainer:do_train:312 - Train: Rank: 0, epoch: 3, step: 847, lr: 0.00040218, train_loss: 215.98828125, batch_size: 32, accum: 1, step_cost: 0.15391517, iter: 200, total: 216, reader_cost: 0.00041127, batch_cost: 0.15432644, samples: 32, ips samples/s: 207.35267545
2026-06-13 09:30:48.233 | INFO     | paddlespeech.s2t.training.timer:__exit__:44 - Epoch-Train Time Cost: 0:00:48.840836
2026-06-13 09:30:48.234 | INFO     | paddlespeech.s2t.exps.deepspeech2.model:valid:98 - Valid Total Examples: 8
2026-06-13 09:30:51.527 | INFO     | paddlespeech.s2t.exps.deepspeech2.model:valid:125 - Rank 0 Val info val_loss 258.67551647949216
2026-06-13 09:30:51.527 | INFO     | paddlespeech.s2t.training.timer:__exit__:44 - Eval Time Cost: 0:00:03.293950
2026-06-13 09:30:51.528 | INFO     | paddlespeech.s2t.training.trainer:do_train:331 - Epoch 3 Val info val_loss 258.67551647949216
2026-06-13 09:30:53.289 | INFO     | paddlespeech.s2t.utils.checkpoint:_save_parameters:286 - Saved model to exp/deepspeech2/checkpoints/3.pdparams
2026-06-13 09:30:55.085 | INFO     | paddlespeech.s2t.utils.checkpoint:_save_parameters:292 - Saved optimzier state to exp/deepspeech2/checkpoints/3.pdopt
2026-06-13 09:30:57.087 | INFO     | paddlespeech.s2t.utils.checkpoint:_save_parameters:286 - Saved model to exp/deepspeech2/checkpoints/3.pdparams
2026-06-13 09:30:59.211 | INFO     | paddlespeech.s2t.utils.checkpoint:_save_parameters:292 - Saved optimzier state to exp/deepspeech2/checkpoints/3.pdopt
2026-06-13 09:31:05.020 | INFO     | paddlespeech.s2t.training.trainer:do_train:312 - Train: Rank: 0, epoch: 4, step: 883, lr: 0.00037403, train_loss: 124.28504944, batch_size: 32, accum: 1, step_cost: 0.09847140, iter: 20, total: 216, reader_cost: 0.00034523, batch_cost: 0.09881663, samples: 32, ips samples/s: 323.83212174
2026-06-13 09:31:09.167 | INFO     | paddlespeech.s2t.training.trainer:do_train:312 - Train: Rank: 0, epoch: 4, step: 903, lr: 0.00037403, train_loss: 246.91816711, batch_size: 32, accum: 1, step_cost: 0.17189169, iter: 40, total: 216, reader_cost: 0.00029469, batch_cost: 0.17218637, samples: 32, ips samples/s: 185.84513474
2026-06-13 09:31:13.809 | INFO     | paddlespeech.s2t.training.trainer:do_train:312 - Train: Rank: 0, epoch: 4, step: 923, lr: 0.00037403, train_loss: 271.58743286, batch_size: 32, accum: 1, step_cost: 0.18913174, iter: 60, total: 216, reader_cost: 0.00035906, batch_cost: 0.18949080, samples: 32, ips samples/s: 168.87363831
2026-06-13 09:31:17.086 | INFO     | paddlespeech.s2t.training.trainer:do_train:312 - Train: Rank: 0, epoch: 4, step: 943, lr: 0.00037403, train_loss: 62.73425293, batch_size: 32, accum: 1, step_cost: 0.05933452, iter: 80, total: 216, reader_cost: 0.00031471, batch_cost: 0.05964923, samples: 32, ips samples/s: 536.46963271
2026-06-13 09:31:21.050 | INFO     | paddlespeech.s2t.training.trainer:do_train:312 - Train: Rank: 0, epoch: 4, step: 963, lr: 0.00037403, train_loss: 192.38378906, batch_size: 32, accum: 1, step_cost: 0.14159822, iter: 100, total: 216, reader_cost: 0.00039887, batch_cost: 0.14199710, samples: 32, ips samples/s: 225.35671674
2026-06-13 09:31:25.758 | INFO     | paddlespeech.s2t.training.trainer:do_train:312 - Train: Rank: 0, epoch: 4, step: 983, lr: 0.00037403, train_loss: 92.04750061, batch_size: 32, accum: 1, step_cost: 0.07755923, iter: 120, total: 216, reader_cost: 0.00032949, batch_cost: 0.07788873, samples: 32, ips samples/s: 410.84250771
2026-06-13 09:31:30.269 | INFO     | paddlespeech.s2t.training.trainer:do_train:312 - Train: Rank: 0, epoch: 4, step: 1003, lr: 0.00037403, train_loss: 126.19216919, batch_size: 32, accum: 1, step_cost: 0.10777235, iter: 140, total: 216, reader_cost: 0.00033808, batch_cost: 0.10811043, samples: 32, ips samples/s: 295.99364867
2026-06-13 09:31:34.340 | INFO     | paddlespeech.s2t.training.trainer:do_train:312 - Train: Rank: 0, epoch: 4, step: 1023, lr: 0.00037403, train_loss: 42.61540985, batch_size: 32, accum: 1, step_cost: 0.05075288, iter: 160, total: 216, reader_cost: 0.00031137, batch_cost: 0.05106425, samples: 32, ips samples/s: 626.66147475
2026-06-13 09:31:37.881 | INFO     | paddlespeech.s2t.training.trainer:do_train:312 - Train: Rank: 0, epoch: 4, step: 1043, lr: 0.00037403, train_loss: 41.35322189, batch_size: 32, accum: 1, step_cost: 0.06307507, iter: 180, total: 216, reader_cost: 0.00031471, batch_cost: 0.06338978, samples: 32, ips samples/s: 504.81325129
2026-06-13 09:31:41.750 | INFO     | paddlespeech.s2t.training.trainer:do_train:312 - Train: Rank: 0, epoch: 4, step: 1063, lr: 0.00037403, train_loss: 343.08819580, batch_size: 32, accum: 1, step_cost: 0.25224900, iter: 200, total: 216, reader_cost: 0.00031328, batch_cost: 0.25256228, samples: 32, ips samples/s: 126.70141968
2026-06-13 09:31:44.582 | INFO     | paddlespeech.s2t.training.timer:__exit__:44 - Epoch-Train Time Cost: 0:00:45.368515
2026-06-13 09:31:44.583 | INFO     | paddlespeech.s2t.exps.deepspeech2.model:valid:98 - Valid Total Examples: 8
2026-06-13 09:31:47.882 | INFO     | paddlespeech.s2t.exps.deepspeech2.model:valid:125 - Rank 0 Val info val_loss 259.080116607666
2026-06-13 09:31:47.883 | INFO     | paddlespeech.s2t.training.timer:__exit__:44 - Eval Time Cost: 0:00:03.300244
2026-06-13 09:31:47.883 | INFO     | paddlespeech.s2t.training.trainer:do_train:331 - Epoch 4 Val info val_loss 259.080116607666
2026-06-13 09:31:49.858 | INFO     | paddlespeech.s2t.utils.checkpoint:_save_parameters:286 - Saved model to exp/deepspeech2/checkpoints/4.pdparams
2026-06-13 09:31:51.812 | INFO     | paddlespeech.s2t.utils.checkpoint:_save_parameters:292 - Saved optimzier state to exp/deepspeech2/checkpoints/4.pdopt
2026-06-13 09:31:54.070 | INFO     | paddlespeech.s2t.utils.checkpoint:_save_parameters:286 - Saved model to exp/deepspeech2/checkpoints/4.pdparams
2026-06-13 09:31:56.212 | INFO     | paddlespeech.s2t.utils.checkpoint:_save_parameters:292 - Saved optimzier state to exp/deepspeech2/checkpoints/4.pdopt
2026-06-13 09:32:02.229 | INFO     | paddlespeech.s2t.training.trainer:do_train:312 - Train: Rank: 0, epoch: 5, step: 1099, lr: 0.00034784, train_loss: 46.92692566, batch_size: 32, accum: 1, step_cost: 0.06336474, iter: 20, total: 216, reader_cost: 0.00033808, batch_cost: 0.06370282, samples: 32, ips samples/s: 502.33253614
2026-06-13 09:32:07.411 | INFO     | paddlespeech.s2t.training.trainer:do_train:312 - Train: Rank: 0, epoch: 5, step: 1119, lr: 0.00034784, train_loss: 417.81307983, batch_size: 32, accum: 1, step_cost: 0.28583002, iter: 40, total: 216, reader_cost: 0.00032210, batch_cost: 0.28615212, samples: 32, ips samples/s: 111.82862985
2026-06-13 09:32:12.054 | INFO     | paddlespeech.s2t.training.trainer:do_train:312 - Train: Rank: 0, epoch: 5, step: 1139, lr: 0.00034784, train_loss: 461.18161011, batch_size: 32, accum: 1, step_cost: 0.21795440, iter: 60, total: 216, reader_cost: 0.00023699, batch_cost: 0.21819139, samples: 32, ips samples/s: 146.66023574
2026-06-13 09:32:16.394 | INFO     | paddlespeech.s2t.training.trainer:do_train:312 - Train: Rank: 0, epoch: 5, step: 1159, lr: 0.00034784, train_loss: 273.21395874, batch_size: 32, accum: 1, step_cost: 0.18537807, iter: 80, total: 216, reader_cost: 0.00032377, batch_cost: 0.18570185, samples: 32, ips samples/s: 172.31923378
2026-06-13 09:32:20.044 | INFO     | paddlespeech.s2t.training.trainer:do_train:312 - Train: Rank: 0, epoch: 5, step: 1179, lr: 0.00034784, train_loss: 125.36177063, batch_size: 32, accum: 1, step_cost: 0.11934018, iter: 100, total: 216, reader_cost: 0.00034499, batch_cost: 0.11968517, samples: 32, ips samples/s: 267.36812246
2026-06-13 09:32:24.184 | INFO     | paddlespeech.s2t.training.trainer:do_train:312 - Train: Rank: 0, epoch: 5, step: 1199, lr: 0.00034784, train_loss: 109.61891174, batch_size: 32, accum: 1, step_cost: 0.10759068, iter: 120, total: 216, reader_cost: 0.00042701, batch_cost: 0.10801768, samples: 32, ips samples/s: 296.24779113
2026-06-13 09:32:28.264 | INFO     | paddlespeech.s2t.training.trainer:do_train:312 - Train: Rank: 0, epoch: 5, step: 1219, lr: 0.00034784, train_loss: 207.02027893, batch_size: 32, accum: 1, step_cost: 0.14073014, iter: 140, total: 216, reader_cost: 0.00027680, batch_cost: 0.14100695, samples: 32, ips samples/s: 226.93917413
2026-06-13 09:32:32.131 | INFO     | paddlespeech.s2t.training.trainer:do_train:312 - Train: Rank: 0, epoch: 5, step: 1239, lr: 0.00034784, train_loss: 205.52191162, batch_size: 32, accum: 1, step_cost: 0.14431524, iter: 160, total: 216, reader_cost: 0.00030589, batch_cost: 0.14462113, samples: 32, ips samples/s: 221.26779924
2026-06-13 09:32:35.995 | INFO     | paddlespeech.s2t.training.trainer:do_train:312 - Train: Rank: 0, epoch: 5, step: 1259, lr: 0.00034784, train_loss: 329.56573486, batch_size: 32, accum: 1, step_cost: 0.23167109, iter: 180, total: 216, reader_cost: 0.00030279, batch_cost: 0.23197389, samples: 32, ips samples/s: 137.94656150
2026-06-13 09:32:39.865 | INFO     | paddlespeech.s2t.training.trainer:do_train:312 - Train: Rank: 0, epoch: 5, step: 1279, lr: 0.00034784, train_loss: 206.44052124, batch_size: 32, accum: 1, step_cost: 0.15967774, iter: 200, total: 216, reader_cost: 0.00035167, batch_cost: 0.16002941, samples: 32, ips samples/s: 199.96324261
2026-06-13 09:32:43.121 | INFO     | paddlespeech.s2t.training.timer:__exit__:44 - Epoch-Train Time Cost: 0:00:46.906952
2026-06-13 09:32:43.122 | INFO     | paddlespeech.s2t.exps.deepspeech2.model:valid:98 - Valid Total Examples: 8
2026-06-13 09:32:46.413 | INFO     | paddlespeech.s2t.exps.deepspeech2.model:valid:125 - Rank 0 Val info val_loss 258.21773391723633
2026-06-13 09:32:46.413 | INFO     | paddlespeech.s2t.training.timer:__exit__:44 - Eval Time Cost: 0:00:03.291826
2026-06-13 09:32:46.414 | INFO     | paddlespeech.s2t.training.trainer:do_train:331 - Epoch 5 Val info val_loss 258.21773391723633
2026-06-13 09:32:48.240 | INFO     | paddlespeech.s2t.utils.checkpoint:_save_parameters:286 - Saved model to exp/deepspeech2/checkpoints/5.pdparams
2026-06-13 09:32:50.124 | INFO     | paddlespeech.s2t.utils.checkpoint:_save_parameters:292 - Saved optimzier state to exp/deepspeech2/checkpoints/5.pdopt
2026-06-13 09:32:53.765 | INFO     | paddlespeech.s2t.utils.checkpoint:_save_parameters:286 - Saved model to exp/deepspeech2/checkpoints/5.pdparams
2026-06-13 09:32:55.939 | INFO     | paddlespeech.s2t.utils.checkpoint:_save_parameters:292 - Saved optimzier state to exp/deepspeech2/checkpoints/5.pdopt
2026-06-13 09:33:02.637 | INFO     | paddlespeech.s2t.training.trainer:do_train:312 - Train: Rank: 0, epoch: 6, step: 1315, lr: 0.00032350, train_loss: 271.18420410, batch_size: 32, accum: 1, step_cost: 0.17913485, iter: 20, total: 216, reader_cost: 0.00030112, batch_cost: 0.17943597, samples: 32, ips samples/s: 178.33659709
2026-06-13 09:33:06.678 | INFO     | paddlespeech.s2t.training.trainer:do_train:312 - Train: Rank: 0, epoch: 6, step: 1335, lr: 0.00032350, train_loss: 402.54226685, batch_size: 32, accum: 1, step_cost: 0.27564955, iter: 40, total: 216, reader_cost: 0.00031996, batch_cost: 0.27596951, samples: 32, ips samples/s: 115.95484060
2026-06-13 09:33:10.153 | INFO     | paddlespeech.s2t.training.trainer:do_train:312 - Train: Rank: 0, epoch: 6, step: 1355, lr: 0.00032350, train_loss: 275.13043213, batch_size: 32, accum: 1, step_cost: 0.19114876, iter: 60, total: 216, reader_cost: 0.00032163, batch_cost: 0.19147038, samples: 32, ips samples/s: 167.12767391
2026-06-13 09:33:14.108 | INFO     | paddlespeech.s2t.training.trainer:do_train:312 - Train: Rank: 0, epoch: 6, step: 1375, lr: 0.00032350, train_loss: 376.52108765, batch_size: 32, accum: 1, step_cost: 0.26239705, iter: 80, total: 216, reader_cost: 0.26960015, batch_cost: 0.53199720, samples: 32, ips samples/s: 60.15069209
2026-06-13 09:33:18.197 | INFO     | paddlespeech.s2t.training.trainer:do_train:312 - Train: Rank: 0, epoch: 6, step: 1395, lr: 0.00032350, train_loss: 131.42471313, batch_size: 32, accum: 1, step_cost: 0.11536789, iter: 100, total: 216, reader_cost: 0.00031662, batch_cost: 0.11568451, samples: 32, ips samples/s: 276.61439029
2026-06-13 09:33:23.640 | INFO     | paddlespeech.s2t.training.trainer:do_train:312 - Train: Rank: 0, epoch: 6, step: 1415, lr: 0.00032350, train_loss: 207.53890991, batch_size: 32, accum: 1, step_cost: 0.20863414, iter: 120, total: 216, reader_cost: 0.47361755, batch_cost: 0.68225169, samples: 32, ips samples/s: 46.90351139
2026-06-13 09:33:27.871 | INFO     | paddlespeech.s2t.training.trainer:do_train:312 - Train: Rank: 0, epoch: 6, step: 1435, lr: 0.00032350, train_loss: 173.91860962, batch_size: 32, accum: 1, step_cost: 0.20961785, iter: 140, total: 216, reader_cost: 0.00031114, batch_cost: 0.20992899, samples: 32, ips samples/s: 152.43249677
2026-06-13 09:33:30.960 | INFO     | paddlespeech.s2t.training.trainer:do_train:312 - Train: Rank: 0, epoch: 6, step: 1455, lr: 0.00032350, train_loss: 45.02196503, batch_size: 32, accum: 1, step_cost: 0.07366896, iter: 160, total: 216, reader_cost: 0.00031352, batch_cost: 0.07398248, samples: 32, ips samples/s: 432.53485442
2026-06-13 09:33:35.581 | INFO     | paddlespeech.s2t.training.trainer:do_train:312 - Train: Rank: 0, epoch: 6, step: 1475, lr: 0.00032350, train_loss: 230.91320801, batch_size: 32, accum: 1, step_cost: 0.22915626, iter: 180, total: 216, reader_cost: 0.00029039, batch_cost: 0.22944665, samples: 32, ips samples/s: 139.46597199
2026-06-13 09:33:39.478 | INFO     | paddlespeech.s2t.training.trainer:do_train:312 - Train: Rank: 0, epoch: 6, step: 1495, lr: 0.00032350, train_loss: 121.14049530, batch_size: 32, accum: 1, step_cost: 0.22309136, iter: 200, total: 216, reader_cost: 0.00031519, batch_cost: 0.22340655, samples: 32, ips samples/s: 143.23662190
2026-06-13 09:33:43.870 | INFO     | paddlespeech.s2t.training.timer:__exit__:44 - Epoch-Train Time Cost: 0:00:47.929098
2026-06-13 09:33:43.871 | INFO     | paddlespeech.s2t.exps.deepspeech2.model:valid:98 - Valid Total Examples: 8
2026-06-13 09:33:47.147 | INFO     | paddlespeech.s2t.exps.deepspeech2.model:valid:125 - Rank 0 Val info val_loss 92.56934480285645
2026-06-13 09:33:47.148 | INFO     | paddlespeech.s2t.training.timer:__exit__:44 - Eval Time Cost: 0:00:03.277448
2026-06-13 09:33:47.148 | INFO     | paddlespeech.s2t.training.trainer:do_train:331 - Epoch 6 Val info val_loss 92.56934480285645
2026-06-13 09:33:48.793 | INFO     | paddlespeech.s2t.utils.checkpoint:_save_parameters:286 - Saved model to exp/deepspeech2/checkpoints/6.pdparams
2026-06-13 09:33:50.490 | INFO     | paddlespeech.s2t.utils.checkpoint:_save_parameters:292 - Saved optimzier state to exp/deepspeech2/checkpoints/6.pdopt
2026-06-13 09:33:52.538 | INFO     | paddlespeech.s2t.utils.checkpoint:_save_parameters:286 - Saved model to exp/deepspeech2/checkpoints/6.pdparams
2026-06-13 09:33:54.515 | INFO     | paddlespeech.s2t.utils.checkpoint:_save_parameters:292 - Saved optimzier state to exp/deepspeech2/checkpoints/6.pdopt
2026-06-13 09:34:00.117 | INFO     | paddlespeech.s2t.training.trainer:do_train:312 - Train: Rank: 0, epoch: 7, step: 1531, lr: 0.00030085, train_loss: 172.34123230, batch_size: 32, accum: 1, step_cost: 0.21270370, iter: 20, total: 216, reader_cost: 0.00058579, batch_cost: 0.21328950, samples: 32, ips samples/s: 150.03082715
2026-06-13 09:34:04.632 | INFO     | paddlespeech.s2t.training.trainer:do_train:312 - Train: Rank: 0, epoch: 7, step: 1551, lr: 0.00030085, train_loss: 73.86869049, batch_size: 32, accum: 1, step_cost: 0.16923618, iter: 40, total: 216, reader_cost: 0.00029588, batch_cost: 0.16953206, samples: 32, ips samples/s: 188.75485783
2026-06-13 09:34:08.947 | INFO     | paddlespeech.s2t.training.trainer:do_train:312 - Train: Rank: 0, epoch: 7, step: 1571, lr: 0.00030085, train_loss: 46.46920013, batch_size: 32, accum: 1, step_cost: 0.10310197, iter: 60, total: 216, reader_cost: 0.00030732, batch_cost: 0.10340929, samples: 32, ips samples/s: 309.44995274
2026-06-13 09:34:13.057 | INFO     | paddlespeech.s2t.training.trainer:do_train:312 - Train: Rank: 0, epoch: 7, step: 1591, lr: 0.00030085, train_loss: 103.13558960, batch_size: 32, accum: 1, step_cost: 0.24157977, iter: 80, total: 216, reader_cost: 0.00033331, batch_cost: 0.24191308, samples: 32, ips samples/s: 132.27891593
2026-06-13 09:34:18.114 | INFO     | paddlespeech.s2t.training.trainer:do_train:312 - Train: Rank: 0, epoch: 7, step: 1611, lr: 0.00030085, train_loss: 70.08580017, batch_size: 32, accum: 1, step_cost: 0.22572517, iter: 100, total: 216, reader_cost: 0.00032020, batch_cost: 0.22604537, samples: 32, ips samples/s: 141.56450090
2026-06-13 09:34:21.174 | INFO     | paddlespeech.s2t.training.trainer:do_train:312 - Train: Rank: 0, epoch: 7, step: 1631, lr: 0.00030085, train_loss: 46.00767517, batch_size: 32, accum: 1, step_cost: 0.13354182, iter: 120, total: 216, reader_cost: 0.00036931, batch_cost: 0.13391113, samples: 32, ips samples/s: 238.96444850
2026-06-13 09:34:25.671 | INFO     | paddlespeech.s2t.training.trainer:do_train:312 - Train: Rank: 0, epoch: 7, step: 1651, lr: 0.00030085, train_loss: 61.35403824, batch_size: 32, accum: 1, step_cost: 0.19437623, iter: 140, total: 216, reader_cost: 0.00030541, batch_cost: 0.19468164, samples: 32, ips samples/s: 164.37091484
2026-06-13 09:34:29.640 | INFO     | paddlespeech.s2t.training.trainer:do_train:312 - Train: Rank: 0, epoch: 7, step: 1671, lr: 0.00030085, train_loss: 38.43861008, batch_size: 32, accum: 1, step_cost: 0.12606788, iter: 160, total: 216, reader_cost: 0.00029945, batch_cost: 0.12636733, samples: 32, ips samples/s: 253.23000700
2026-06-13 09:34:33.919 | INFO     | paddlespeech.s2t.training.trainer:do_train:312 - Train: Rank: 0, epoch: 7, step: 1691, lr: 0.00030085, train_loss: 43.16076660, batch_size: 32, accum: 1, step_cost: 0.18176007, iter: 180, total: 216, reader_cost: 0.00030303, batch_cost: 0.18206310, samples: 32, ips samples/s: 175.76323550
2026-06-13 09:34:38.329 | INFO     | paddlespeech.s2t.training.trainer:do_train:312 - Train: Rank: 0, epoch: 7, step: 1711, lr: 0.00030085, train_loss: 34.76929855, batch_size: 32, accum: 1, step_cost: 0.11648941, iter: 200, total: 216, reader_cost: 0.00029325, batch_cost: 0.11678267, samples: 32, ips samples/s: 274.01327013
2026-06-13 09:34:41.581 | INFO     | paddlespeech.s2t.training.timer:__exit__:44 - Epoch-Train Time Cost: 0:00:47.063346
2026-06-13 09:34:41.582 | INFO     | paddlespeech.s2t.exps.deepspeech2.model:valid:98 - Valid Total Examples: 8
2026-06-13 09:34:44.940 | INFO     | paddlespeech.s2t.exps.deepspeech2.model:valid:125 - Rank 0 Val info val_loss 42.18066746139527
2026-06-13 09:34:44.941 | INFO     | paddlespeech.s2t.training.timer:__exit__:44 - Eval Time Cost: 0:00:03.359578
2026-06-13 09:34:44.942 | INFO     | paddlespeech.s2t.training.trainer:do_train:331 - Epoch 7 Val info val_loss 42.18066746139527
2026-06-13 09:34:46.624 | INFO     | paddlespeech.s2t.utils.checkpoint:_save_parameters:286 - Saved model to exp/deepspeech2/checkpoints/7.pdparams
2026-06-13 09:34:48.303 | INFO     | paddlespeech.s2t.utils.checkpoint:_save_parameters:292 - Saved optimzier state to exp/deepspeech2/checkpoints/7.pdopt
2026-06-13 09:34:50.161 | INFO     | paddlespeech.s2t.utils.checkpoint:_save_parameters:286 - Saved model to exp/deepspeech2/checkpoints/7.pdparams
2026-06-13 09:34:52.287 | INFO     | paddlespeech.s2t.utils.checkpoint:_save_parameters:292 - Saved optimzier state to exp/deepspeech2/checkpoints/7.pdopt
2026-06-13 09:34:58.532 | INFO     | paddlespeech.s2t.training.trainer:do_train:312 - Train: Rank: 0, epoch: 8, step: 1747, lr: 0.00027979, train_loss: 33.51620483, batch_size: 32, accum: 1, step_cost: 0.16343045, iter: 20, total: 216, reader_cost: 0.00026703, batch_cost: 0.16369748, samples: 32, ips samples/s: 195.48254362
2026-06-13 09:35:03.852 | INFO     | paddlespeech.s2t.training.trainer:do_train:312 - Train: Rank: 0, epoch: 8, step: 1767, lr: 0.00027979, train_loss: 33.69947052, batch_size: 32, accum: 1, step_cost: 0.16220546, iter: 40, total: 216, reader_cost: 0.00034904, batch_cost: 0.16255450, samples: 32, ips samples/s: 196.85705108
2026-06-13 09:35:07.704 | INFO     | paddlespeech.s2t.training.trainer:do_train:312 - Train: Rank: 0, epoch: 8, step: 1787, lr: 0.00027979, train_loss: 42.14588547, batch_size: 32, accum: 1, step_cost: 0.24393773, iter: 60, total: 216, reader_cost: 0.00031757, batch_cost: 0.24425530, samples: 32, ips samples/s: 131.01046091
2026-06-13 09:35:11.054 | INFO     | paddlespeech.s2t.training.trainer:do_train:312 - Train: Rank: 0, epoch: 8, step: 1807, lr: 0.00027979, train_loss: 14.03184128, batch_size: 32, accum: 1, step_cost: 0.09843135, iter: 80, total: 216, reader_cost: 0.00031900, batch_cost: 0.09875035, samples: 32, ips samples/s: 324.04947500
2026-06-13 09:35:14.584 | INFO     | paddlespeech.s2t.training.trainer:do_train:312 - Train: Rank: 0, epoch: 8, step: 1827, lr: 0.00027979, train_loss: 29.62800789, batch_size: 32, accum: 1, step_cost: 0.11310935, iter: 100, total: 216, reader_cost: 0.00038099, batch_cost: 0.11349034, samples: 32, ips samples/s: 281.96231616
2026-06-13 09:35:18.817 | INFO     | paddlespeech.s2t.training.trainer:do_train:312 - Train: Rank: 0, epoch: 8, step: 1847, lr: 0.00027979, train_loss: 34.09324646, batch_size: 32, accum: 1, step_cost: 0.15756965, iter: 120, total: 216, reader_cost: 0.00034070, batch_cost: 0.15791035, samples: 32, ips samples/s: 202.64663216
2026-06-13 09:35:22.298 | INFO     | paddlespeech.s2t.training.trainer:do_train:312 - Train: Rank: 0, epoch: 8, step: 1867, lr: 0.00027979, train_loss: 21.70007706, batch_size: 32, accum: 1, step_cost: 0.19648409, iter: 140, total: 216, reader_cost: 0.00031471, batch_cost: 0.19679880, samples: 32, ips samples/s: 162.60261632
2026-06-13 09:35:26.986 | INFO     | paddlespeech.s2t.training.trainer:do_train:312 - Train: Rank: 0, epoch: 8, step: 1887, lr: 0.00027979, train_loss: 36.34907532, batch_size: 32, accum: 1, step_cost: 0.22508049, iter: 160, total: 216, reader_cost: 0.00034690, batch_cost: 0.22542739, samples: 32, ips samples/s: 141.95258225
2026-06-13 09:35:31.476 | INFO     | paddlespeech.s2t.training.trainer:do_train:312 - Train: Rank: 0, epoch: 8, step: 1907, lr: 0.00027979, train_loss: 21.24466896, batch_size: 32, accum: 1, step_cost: 0.22419596, iter: 180, total: 216, reader_cost: 0.00037122, batch_cost: 0.22456717, samples: 32, ips samples/s: 142.49633773
2026-06-13 09:35:36.333 | INFO     | paddlespeech.s2t.training.trainer:do_train:312 - Train: Rank: 0, epoch: 8, step: 1927, lr: 0.00027979, train_loss: 17.60687256, batch_size: 32, accum: 1, step_cost: 0.12870932, iter: 200, total: 216, reader_cost: 0.00032330, batch_cost: 0.12903261, samples: 32, ips samples/s: 247.99932003
2026-06-13 09:35:39.108 | INFO     | paddlespeech.s2t.training.timer:__exit__:44 - Epoch-Train Time Cost: 0:00:46.818120
2026-06-13 09:35:39.109 | INFO     | paddlespeech.s2t.exps.deepspeech2.model:valid:98 - Valid Total Examples: 8
2026-06-13 09:35:42.463 | INFO     | paddlespeech.s2t.exps.deepspeech2.model:valid:125 - Rank 0 Val info val_loss 28.267362297058106
2026-06-13 09:35:42.464 | INFO     | paddlespeech.s2t.training.timer:__exit__:44 - Eval Time Cost: 0:00:03.355310
2026-06-13 09:35:42.464 | INFO     | paddlespeech.s2t.training.trainer:do_train:331 - Epoch 8 Val info val_loss 28.267362297058106
2026-06-13 09:35:44.291 | INFO     | paddlespeech.s2t.utils.checkpoint:_save_parameters:286 - Saved model to exp/deepspeech2/checkpoints/8.pdparams
2026-06-13 09:35:46.396 | INFO     | paddlespeech.s2t.utils.checkpoint:_save_parameters:292 - Saved optimzier state to exp/deepspeech2/checkpoints/8.pdopt
2026-06-13 09:35:48.437 | INFO     | paddlespeech.s2t.utils.checkpoint:_save_parameters:286 - Saved model to exp/deepspeech2/checkpoints/8.pdparams
2026-06-13 09:35:50.720 | INFO     | paddlespeech.s2t.utils.checkpoint:_save_parameters:292 - Saved optimzier state to exp/deepspeech2/checkpoints/8.pdopt
2026-06-13 09:35:57.545 | INFO     | paddlespeech.s2t.training.trainer:do_train:312 - Train: Rank: 0, epoch: 9, step: 1963, lr: 0.00026021, train_loss: 44.87076187, batch_size: 32, accum: 1, step_cost: 0.19199085, iter: 20, total: 216, reader_cost: 0.00032115, batch_cost: 0.19231200, samples: 32, ips samples/s: 166.39627084
2026-06-13 09:36:01.757 | INFO     | paddlespeech.s2t.training.trainer:do_train:312 - Train: Rank: 0, epoch: 9, step: 1983, lr: 0.00026021, train_loss: 23.94624710, batch_size: 32, accum: 1, step_cost: 0.21417212, iter: 40, total: 216, reader_cost: 0.00031042, batch_cost: 0.21448255, samples: 32, ips samples/s: 149.19628948
2026-06-13 09:36:04.499 | INFO     | paddlespeech.s2t.training.trainer:do_train:312 - Train: Rank: 0, epoch: 9, step: 2003, lr: 0.00026021, train_loss: 32.31811523, batch_size: 32, accum: 1, step_cost: 0.21610641, iter: 60, total: 216, reader_cost: 0.00031114, batch_cost: 0.21641755, samples: 32, ips samples/s: 147.86231452
2026-06-13 09:36:09.404 | INFO     | paddlespeech.s2t.training.trainer:do_train:312 - Train: Rank: 0, epoch: 9, step: 2023, lr: 0.00026021, train_loss: 23.16675949, batch_size: 32, accum: 1, step_cost: 0.21833134, iter: 80, total: 216, reader_cost: 0.67772317, batch_cost: 0.89605451, samples: 32, ips samples/s: 35.71211324
2026-06-13 09:36:13.174 | INFO     | paddlespeech.s2t.training.trainer:do_train:312 - Train: Rank: 0, epoch: 9, step: 2043, lr: 0.00026021, train_loss: 3.45906210, batch_size: 32, accum: 1, step_cost: 0.04474998, iter: 100, total: 216, reader_cost: 0.00039577, batch_cost: 0.04514575, samples: 32, ips samples/s: 708.81533627
2026-06-13 09:36:18.599 | INFO     | paddlespeech.s2t.training.trainer:do_train:312 - Train: Rank: 0, epoch: 9, step: 2063, lr: 0.00026021, train_loss: 61.24803162, batch_size: 32, accum: 1, step_cost: 0.28498745, iter: 120, total: 216, reader_cost: 1.38464570, batch_cost: 1.66963315, samples: 32, ips samples/s: 19.16588683
2026-06-13 09:36:22.922 | INFO     | paddlespeech.s2t.training.trainer:do_train:312 - Train: Rank: 0, epoch: 9, step: 2083, lr: 0.00026021, train_loss: 25.46207047, batch_size: 32, accum: 1, step_cost: 0.16236186, iter: 140, total: 216, reader_cost: 0.00034046, batch_cost: 0.16270232, samples: 32, ips samples/s: 196.67820106
2026-06-13 09:36:27.636 | INFO     | paddlespeech.s2t.training.trainer:do_train:312 - Train: Rank: 0, epoch: 9, step: 2103, lr: 0.00026021, train_loss: 9.79200935, batch_size: 32, accum: 1, step_cost: 0.09770870, iter: 160, total: 216, reader_cost: 0.00032902, batch_cost: 0.09803772, samples: 32, ips samples/s: 326.40498054
2026-06-13 09:36:31.905 | INFO     | paddlespeech.s2t.training.trainer:do_train:312 - Train: Rank: 0, epoch: 9, step: 2123, lr: 0.00026021, train_loss: 18.01253319, batch_size: 32, accum: 1, step_cost: 0.11568165, iter: 180, total: 216, reader_cost: 0.00028968, batch_cost: 0.11597133, samples: 32, ips samples/s: 275.93027411
2026-06-13 09:36:35.337 | INFO     | paddlespeech.s2t.training.trainer:do_train:312 - Train: Rank: 0, epoch: 9, step: 2143, lr: 0.00026021, train_loss: 17.53324127, batch_size: 32, accum: 1, step_cost: 0.10510993, iter: 200, total: 216, reader_cost: 0.00034714, batch_cost: 0.10545707, samples: 32, ips samples/s: 303.44101881
2026-06-13 09:36:38.922 | INFO     | paddlespeech.s2t.training.timer:__exit__:44 - Epoch-Train Time Cost: 0:00:48.199864
2026-06-13 09:36:38.922 | INFO     | paddlespeech.s2t.exps.deepspeech2.model:valid:98 - Valid Total Examples: 8
2026-06-13 09:36:42.213 | INFO     | paddlespeech.s2t.exps.deepspeech2.model:valid:125 - Rank 0 Val info val_loss 22.51912929916382
2026-06-13 09:36:42.214 | INFO     | paddlespeech.s2t.training.timer:__exit__:44 - Eval Time Cost: 0:00:03.291271
2026-06-13 09:36:42.214 | INFO     | paddlespeech.s2t.training.trainer:do_train:331 - Epoch 9 Val info val_loss 22.51912929916382
2026-06-13 09:36:44.265 | INFO     | paddlespeech.s2t.utils.checkpoint:_save_parameters:286 - Saved model to exp/deepspeech2/checkpoints/9.pdparams
2026-06-13 09:36:46.200 | INFO     | paddlespeech.s2t.utils.checkpoint:_save_parameters:292 - Saved optimzier state to exp/deepspeech2/checkpoints/9.pdopt
2026-06-13 09:36:48.558 | INFO     | paddlespeech.s2t.utils.checkpoint:_save_parameters:286 - Saved model to exp/deepspeech2/checkpoints/9.pdparams
2026-06-13 09:36:50.868 | INFO     | paddlespeech.s2t.utils.checkpoint:_save_parameters:292 - Saved optimzier state to exp/deepspeech2/checkpoints/9.pdopt
2026-06-13 09:36:57.394 | INFO     | paddlespeech.s2t.training.trainer:do_train:312 - Train: Rank: 0, epoch: 10, step: 2179, lr: 0.00024199, train_loss: 0.87743849, batch_size: 32, accum: 1, step_cost: 0.06022024, iter: 20, total: 216, reader_cost: 0.00032687, batch_cost: 0.06054711, samples: 32, ips samples/s: 528.51404788
2026-06-13 09:37:01.912 | INFO     | paddlespeech.s2t.training.trainer:do_train:312 - Train: Rank: 0, epoch: 10, step: 2199, lr: 0.00024199, train_loss: 5.73982477, batch_size: 32, accum: 1, step_cost: 0.21428728, iter: 40, total: 216, reader_cost: 0.00034165, batch_cost: 0.21462893, samples: 32, ips samples/s: 149.09452922
2026-06-13 09:37:06.220 | INFO     | paddlespeech.s2t.training.trainer:do_train:312 - Train: Rank: 0, epoch: 10, step: 2219, lr: 0.00024199, train_loss: 16.18084717, batch_size: 32, accum: 1, step_cost: 0.16059566, iter: 60, total: 216, reader_cost: 0.00030589, batch_cost: 0.16090155, samples: 32, ips samples/s: 198.87938121
2026-06-13 09:37:10.370 | INFO     | paddlespeech.s2t.training.trainer:do_train:312 - Train: Rank: 0, epoch: 10, step: 2239, lr: 0.00024199, train_loss: 12.98760605, batch_size: 32, accum: 1, step_cost: 0.16774464, iter: 80, total: 216, reader_cost: 0.00032020, batch_cost: 0.16806483, samples: 32, ips samples/s: 190.40271238
2026-06-13 09:37:13.748 | INFO     | paddlespeech.s2t.training.trainer:do_train:312 - Train: Rank: 0, epoch: 10, step: 2259, lr: 0.00024199, train_loss: 5.36563492, batch_size: 32, accum: 1, step_cost: 0.15308261, iter: 100, total: 216, reader_cost: 0.00037837, batch_cost: 0.15346098, samples: 32, ips samples/s: 208.52206282
2026-06-13 09:37:19.342 | INFO     | paddlespeech.s2t.training.trainer:do_train:312 - Train: Rank: 0, epoch: 10, step: 2279, lr: 0.00024199, train_loss: 11.84484673, batch_size: 32, accum: 1, step_cost: 0.11176109, iter: 120, total: 216, reader_cost: 0.00032377, batch_cost: 0.11208487, samples: 32, ips samples/s: 285.49795583
2026-06-13 09:37:24.135 | INFO     | paddlespeech.s2t.training.trainer:do_train:312 - Train: Rank: 0, epoch: 10, step: 2299, lr: 0.00024199, train_loss: 7.65661383, batch_size: 32, accum: 1, step_cost: 0.22905183, iter: 140, total: 216, reader_cost: 0.00029588, batch_cost: 0.22934771, samples: 32, ips samples/s: 139.52613950
2026-06-13 09:37:27.703 | INFO     | paddlespeech.s2t.training.trainer:do_train:312 - Train: Rank: 0, epoch: 10, step: 2319, lr: 0.00024199, train_loss: 5.75761414, batch_size: 32, accum: 1, step_cost: 0.11333275, iter: 160, total: 216, reader_cost: 0.00031757, batch_cost: 0.11365032, samples: 32, ips samples/s: 281.56541440
2026-06-13 09:37:31.675 | INFO     | paddlespeech.s2t.training.trainer:do_train:312 - Train: Rank: 0, epoch: 10, step: 2339, lr: 0.00024199, train_loss: 14.54439735, batch_size: 32, accum: 1, step_cost: 0.19399118, iter: 180, total: 216, reader_cost: 0.00035334, batch_cost: 0.19434452, samples: 32, ips samples/s: 164.65604436
2026-06-13 09:37:35.296 | INFO     | paddlespeech.s2t.training.trainer:do_train:312 - Train: Rank: 0, epoch: 10, step: 2359, lr: 0.00024199, train_loss: 24.86581230, batch_size: 32, accum: 1, step_cost: 0.12640285, iter: 200, total: 216, reader_cost: 0.00038743, batch_cost: 0.12679029, samples: 32, ips samples/s: 252.38526731
2026-06-13 09:37:38.506 | INFO     | paddlespeech.s2t.training.timer:__exit__:44 - Epoch-Train Time Cost: 0:00:47.636436
2026-06-13 09:37:38.507 | INFO     | paddlespeech.s2t.exps.deepspeech2.model:valid:98 - Valid Total Examples: 8
2026-06-13 09:37:41.909 | INFO     | paddlespeech.s2t.exps.deepspeech2.model:valid:125 - Rank 0 Val info val_loss 21.20010570716858
2026-06-13 09:37:41.910 | INFO     | paddlespeech.s2t.training.timer:__exit__:44 - Eval Time Cost: 0:00:03.403701
2026-06-13 09:37:41.911 | INFO     | paddlespeech.s2t.training.trainer:do_train:331 - Epoch 10 Val info val_loss 21.20010570716858
2026-06-13 09:37:41.913 | INFO     | paddlespeech.s2t.utils.checkpoint:_save_best_checkpoint_and_update:197 - remove the worst checkpoint: 0
2026-06-13 09:37:41.923 | INFO     | paddlespeech.s2t.utils.checkpoint:_del_checkpoint:225 - delete file: exp/deepspeech2/checkpoints/0.pdparams
2026-06-13 09:37:41.931 | INFO     | paddlespeech.s2t.utils.checkpoint:_del_checkpoint:225 - delete file: exp/deepspeech2/checkpoints/0.pdopt
2026-06-13 09:37:41.932 | INFO     | paddlespeech.s2t.utils.checkpoint:_del_checkpoint:225 - delete file: exp/deepspeech2/checkpoints/0.json
2026-06-13 09:37:43.655 | INFO     | paddlespeech.s2t.utils.checkpoint:_save_parameters:286 - Saved model to exp/deepspeech2/checkpoints/10.pdparams
2026-06-13 09:37:45.321 | INFO     | paddlespeech.s2t.utils.checkpoint:_save_parameters:292 - Saved optimzier state to exp/deepspeech2/checkpoints/10.pdopt
2026-06-13 09:37:47.352 | INFO     | paddlespeech.s2t.utils.checkpoint:_save_parameters:286 - Saved model to exp/deepspeech2/checkpoints/10.pdparams
2026-06-13 09:37:49.405 | INFO     | paddlespeech.s2t.utils.checkpoint:_save_parameters:292 - Saved optimzier state to exp/deepspeech2/checkpoints/10.pdopt
2026-06-13 09:37:56.839 | INFO     | paddlespeech.s2t.training.trainer:do_train:312 - Train: Rank: 0, epoch: 11, step: 2395, lr: 0.00022505, train_loss: 4.12673378, batch_size: 32, accum: 1, step_cost: 0.18222356, iter: 20, total: 216, reader_cost: 0.00033116, batch_cost: 0.18255472, samples: 32, ips samples/s: 175.28990584
2026-06-13 09:38:01.439 | INFO     | paddlespeech.s2t.training.trainer:do_train:312 - Train: Rank: 0, epoch: 11, step: 2415, lr: 0.00022505, train_loss: 3.64631796, batch_size: 32, accum: 1, step_cost: 0.08400106, iter: 40, total: 216, reader_cost: 0.00039959, batch_cost: 0.08440065, samples: 32, ips samples/s: 379.14398224
2026-06-13 09:38:05.982 | INFO     | paddlespeech.s2t.training.trainer:do_train:312 - Train: Rank: 0, epoch: 11, step: 2435, lr: 0.00022505, train_loss: 11.54569626, batch_size: 32, accum: 1, step_cost: 0.18521333, iter: 60, total: 216, reader_cost: 0.00031662, batch_cost: 0.18552995, samples: 32, ips samples/s: 172.47889340
2026-06-13 09:38:09.724 | INFO     | paddlespeech.s2t.training.trainer:do_train:312 - Train: Rank: 0, epoch: 11, step: 2455, lr: 0.00022505, train_loss: 9.39126396, batch_size: 32, accum: 1, step_cost: 0.18416095, iter: 80, total: 216, reader_cost: 0.00048447, batch_cost: 0.18464541, samples: 32, ips samples/s: 173.30514333
2026-06-13 09:38:13.626 | INFO     | paddlespeech.s2t.training.trainer:do_train:312 - Train: Rank: 0, epoch: 11, step: 2475, lr: 0.00022505, train_loss: 8.51624203, batch_size: 32, accum: 1, step_cost: 0.20498729, iter: 100, total: 216, reader_cost: 0.00030589, batch_cost: 0.20529318, samples: 32, ips samples/s: 155.87463853
2026-06-13 09:38:16.574 | INFO     | paddlespeech.s2t.training.trainer:do_train:312 - Train: Rank: 0, epoch: 11, step: 2495, lr: 0.00022505, train_loss: 5.41408157, batch_size: 32, accum: 1, step_cost: 0.21457720, iter: 120, total: 216, reader_cost: 0.00027537, batch_cost: 0.21485257, samples: 32, ips samples/s: 148.93933909
2026-06-13 09:38:21.168 | INFO     | paddlespeech.s2t.training.trainer:do_train:312 - Train: Rank: 0, epoch: 11, step: 2515, lr: 0.00022505, train_loss: 5.86337471, batch_size: 32, accum: 1, step_cost: 0.19821525, iter: 140, total: 216, reader_cost: 0.00027132, batch_cost: 0.19848657, samples: 32, ips samples/s: 161.21997855
2026-06-13 09:38:25.901 | INFO     | paddlespeech.s2t.training.trainer:do_train:312 - Train: Rank: 0, epoch: 11, step: 2535, lr: 0.00022505, train_loss: 9.81855869, batch_size: 32, accum: 1, step_cost: 0.11729956, iter: 160, total: 216, reader_cost: 0.00029087, batch_cost: 0.11759043, samples: 32, ips samples/s: 272.13099491
2026-06-13 09:38:29.013 | INFO     | paddlespeech.s2t.training.trainer:do_train:312 - Train: Rank: 0, epoch: 11, step: 2555, lr: 0.00022505, train_loss: 3.46982861, batch_size: 32, accum: 1, step_cost: 0.20014596, iter: 180, total: 216, reader_cost: 0.00031972, batch_cost: 0.20046568, samples: 32, ips samples/s: 159.62832208
2026-06-13 09:38:33.034 | INFO     | paddlespeech.s2t.training.trainer:do_train:312 - Train: Rank: 0, epoch: 11, step: 2575, lr: 0.00022505, train_loss: 4.88830280, batch_size: 32, accum: 1, step_cost: 0.16529155, iter: 200, total: 216, reader_cost: 0.00034308, batch_cost: 0.16563463, samples: 32, ips samples/s: 193.19631162
2026-06-13 09:38:35.992 | INFO     | paddlespeech.s2t.training.timer:__exit__:44 - Epoch-Train Time Cost: 0:00:46.585361
2026-06-13 09:38:35.993 | INFO     | paddlespeech.s2t.exps.deepspeech2.model:valid:98 - Valid Total Examples: 8
2026-06-13 09:38:39.329 | INFO     | paddlespeech.s2t.exps.deepspeech2.model:valid:125 - Rank 0 Val info val_loss 21.950418928146362
2026-06-13 09:38:39.330 | INFO     | paddlespeech.s2t.training.timer:__exit__:44 - Eval Time Cost: 0:00:03.336848
2026-06-13 09:38:39.330 | INFO     | paddlespeech.s2t.training.trainer:do_train:331 - Epoch 11 Val info val_loss 21.950418928146362
2026-06-13 09:38:39.331 | INFO     | paddlespeech.s2t.utils.checkpoint:_save_best_checkpoint_and_update:197 - remove the worst checkpoint: 2
2026-06-13 09:38:39.337 | INFO     | paddlespeech.s2t.utils.checkpoint:_del_checkpoint:225 - delete file: exp/deepspeech2/checkpoints/2.pdparams
2026-06-13 09:38:39.340 | INFO     | paddlespeech.s2t.utils.checkpoint:_del_checkpoint:225 - delete file: exp/deepspeech2/checkpoints/2.pdopt
2026-06-13 09:38:39.341 | INFO     | paddlespeech.s2t.utils.checkpoint:_del_checkpoint:225 - delete file: exp/deepspeech2/checkpoints/2.json
2026-06-13 09:38:40.827 | INFO     | paddlespeech.s2t.utils.checkpoint:_save_parameters:286 - Saved model to exp/deepspeech2/checkpoints/11.pdparams
2026-06-13 09:38:42.569 | INFO     | paddlespeech.s2t.utils.checkpoint:_save_parameters:292 - Saved optimzier state to exp/deepspeech2/checkpoints/11.pdopt
2026-06-13 09:38:44.615 | INFO     | paddlespeech.s2t.utils.checkpoint:_save_parameters:286 - Saved model to exp/deepspeech2/checkpoints/11.pdparams
2026-06-13 09:38:46.671 | INFO     | paddlespeech.s2t.utils.checkpoint:_save_parameters:292 - Saved optimzier state to exp/deepspeech2/checkpoints/11.pdopt
2026-06-13 09:38:53.056 | INFO     | paddlespeech.s2t.training.trainer:do_train:312 - Train: Rank: 0, epoch: 12, step: 2611, lr: 0.00020930, train_loss: 2.84251738, batch_size: 32, accum: 1, step_cost: 0.22676420, iter: 20, total: 216, reader_cost: 0.00033402, batch_cost: 0.22709823, samples: 32, ips samples/s: 140.90818976
2026-06-13 09:38:56.467 | INFO     | paddlespeech.s2t.training.trainer:do_train:312 - Train: Rank: 0, epoch: 12, step: 2631, lr: 0.00020930, train_loss: 2.94174385, batch_size: 32, accum: 1, step_cost: 0.18435931, iter: 40, total: 216, reader_cost: 0.00032210, batch_cost: 0.18468142, samples: 32, ips samples/s: 173.27135978
2026-06-13 09:39:01.420 | INFO     | paddlespeech.s2t.training.trainer:do_train:312 - Train: Rank: 0, epoch: 12, step: 2651, lr: 0.00020930, train_loss: 3.55752563, batch_size: 32, accum: 1, step_cost: 0.18975830, iter: 60, total: 216, reader_cost: 0.00031471, batch_cost: 0.19007301, samples: 32, ips samples/s: 168.35635656
2026-06-13 09:39:04.934 | INFO     | paddlespeech.s2t.training.trainer:do_train:312 - Train: Rank: 0, epoch: 12, step: 2671, lr: 0.00020930, train_loss: 4.82037020, batch_size: 32, accum: 1, step_cost: 0.23667049, iter: 80, total: 216, reader_cost: 0.00030851, batch_cost: 0.23697901, samples: 32, ips samples/s: 135.03305760
2026-06-13 09:39:09.151 | INFO     | paddlespeech.s2t.training.trainer:do_train:312 - Train: Rank: 0, epoch: 12, step: 2691, lr: 0.00020930, train_loss: 1.20597422, batch_size: 32, accum: 1, step_cost: 0.11863589, iter: 100, total: 216, reader_cost: 0.00031447, batch_cost: 0.11895037, samples: 32, ips samples/s: 269.01976693
2026-06-13 09:39:13.032 | INFO     | paddlespeech.s2t.training.trainer:do_train:312 - Train: Rank: 0, epoch: 12, step: 2711, lr: 0.00020930, train_loss: 3.47844410, batch_size: 32, accum: 1, step_cost: 0.18625450, iter: 120, total: 216, reader_cost: 0.00032687, batch_cost: 0.18658137, samples: 32, ips samples/s: 171.50693796
2026-06-13 09:39:17.152 | INFO     | paddlespeech.s2t.training.trainer:do_train:312 - Train: Rank: 0, epoch: 12, step: 2731, lr: 0.00020930, train_loss: 7.35633183, batch_size: 32, accum: 1, step_cost: 0.15783143, iter: 140, total: 216, reader_cost: 0.00034046, batch_cost: 0.15817189, samples: 32, ips samples/s: 202.31154576
2026-06-13 09:39:20.940 | INFO     | paddlespeech.s2t.training.trainer:do_train:312 - Train: Rank: 0, epoch: 12, step: 2751, lr: 0.00020930, train_loss: 3.72026062, batch_size: 32, accum: 1, step_cost: 0.18443060, iter: 160, total: 216, reader_cost: 0.00034928, batch_cost: 0.18477988, samples: 32, ips samples/s: 173.17902565
2026-06-13 09:39:25.625 | INFO     | paddlespeech.s2t.training.trainer:do_train:312 - Train: Rank: 0, epoch: 12, step: 2771, lr: 0.00020930, train_loss: 5.00977516, batch_size: 32, accum: 1, step_cost: 0.21930051, iter: 180, total: 216, reader_cost: 0.43233132, batch_cost: 0.65163183, samples: 32, ips samples/s: 49.10748435
2026-06-13 09:39:30.376 | INFO     | paddlespeech.s2t.training.trainer:do_train:312 - Train: Rank: 0, epoch: 12, step: 2791, lr: 0.00020930, train_loss: 3.17298698, batch_size: 32, accum: 1, step_cost: 0.12512589, iter: 200, total: 216, reader_cost: 0.00033164, batch_cost: 0.12545753, samples: 32, ips samples/s: 255.06640543
2026-06-13 09:39:33.009 | INFO     | paddlespeech.s2t.training.timer:__exit__:44 - Epoch-Train Time Cost: 0:00:46.335544
2026-06-13 09:39:33.010 | INFO     | paddlespeech.s2t.exps.deepspeech2.model:valid:98 - Valid Total Examples: 8
2026-06-13 09:39:36.498 | INFO     | paddlespeech.s2t.exps.deepspeech2.model:valid:125 - Rank 0 Val info val_loss 24.272048608779908
2026-06-13 09:39:36.499 | INFO     | paddlespeech.s2t.training.timer:__exit__:44 - Eval Time Cost: 0:00:03.488751
2026-06-13 09:39:36.499 | INFO     | paddlespeech.s2t.training.trainer:do_train:331 - Epoch 12 Val info val_loss 24.272048608779908
2026-06-13 09:39:36.501 | INFO     | paddlespeech.s2t.utils.checkpoint:_save_best_checkpoint_and_update:197 - remove the worst checkpoint: 4
2026-06-13 09:39:36.509 | INFO     | paddlespeech.s2t.utils.checkpoint:_del_checkpoint:225 - delete file: exp/deepspeech2/checkpoints/4.pdparams
2026-06-13 09:39:36.515 | INFO     | paddlespeech.s2t.utils.checkpoint:_del_checkpoint:225 - delete file: exp/deepspeech2/checkpoints/4.pdopt
2026-06-13 09:39:36.516 | INFO     | paddlespeech.s2t.utils.checkpoint:_del_checkpoint:225 - delete file: exp/deepspeech2/checkpoints/4.json
2026-06-13 09:39:38.143 | INFO     | paddlespeech.s2t.utils.checkpoint:_save_parameters:286 - Saved model to exp/deepspeech2/checkpoints/12.pdparams
2026-06-13 09:39:39.821 | INFO     | paddlespeech.s2t.utils.checkpoint:_save_parameters:292 - Saved optimzier state to exp/deepspeech2/checkpoints/12.pdopt
2026-06-13 09:39:41.771 | INFO     | paddlespeech.s2t.utils.checkpoint:_save_parameters:286 - Saved model to exp/deepspeech2/checkpoints/12.pdparams
2026-06-13 09:39:43.727 | INFO     | paddlespeech.s2t.utils.checkpoint:_save_parameters:292 - Saved optimzier state to exp/deepspeech2/checkpoints/12.pdopt
2026-06-13 09:39:49.181 | INFO     | paddlespeech.s2t.training.trainer:do_train:312 - Train: Rank: 0, epoch: 13, step: 2827, lr: 0.00019465, train_loss: 2.42579794, batch_size: 32, accum: 1, step_cost: 0.25413036, iter: 20, total: 216, reader_cost: 0.00029492, batch_cost: 0.25442529, samples: 32, ips samples/s: 125.77366168
2026-06-13 09:39:53.832 | INFO     | paddlespeech.s2t.training.trainer:do_train:312 - Train: Rank: 0, epoch: 13, step: 2847, lr: 0.00019465, train_loss: 1.34782672, batch_size: 32, accum: 1, step_cost: 0.08943295, iter: 40, total: 216, reader_cost: 0.00033879, batch_cost: 0.08977175, samples: 32, ips samples/s: 356.45958622
2026-06-13 09:39:58.629 | INFO     | paddlespeech.s2t.training.trainer:do_train:312 - Train: Rank: 0, epoch: 13, step: 2867, lr: 0.00019465, train_loss: 3.69249272, batch_size: 32, accum: 1, step_cost: 0.15755701, iter: 60, total: 216, reader_cost: 0.00032020, batch_cost: 0.15787721, samples: 32, ips samples/s: 202.68916994
2026-06-13 09:40:01.965 | INFO     | paddlespeech.s2t.training.trainer:do_train:312 - Train: Rank: 0, epoch: 13, step: 2887, lr: 0.00019465, train_loss: 0.69804466, batch_size: 32, accum: 1, step_cost: 0.17867923, iter: 80, total: 216, reader_cost: 0.00033593, batch_cost: 0.17901516, samples: 32, ips samples/s: 178.75581079
2026-06-13 09:40:06.014 | INFO     | paddlespeech.s2t.training.trainer:do_train:312 - Train: Rank: 0, epoch: 13, step: 2907, lr: 0.00019465, train_loss: 1.03342867, batch_size: 32, accum: 1, step_cost: 0.11345506, iter: 100, total: 216, reader_cost: 0.00028706, batch_cost: 0.11374211, samples: 32, ips samples/s: 281.33818798
2026-06-13 09:40:09.915 | INFO     | paddlespeech.s2t.training.trainer:do_train:312 - Train: Rank: 0, epoch: 13, step: 2927, lr: 0.00019465, train_loss: 4.81324625, batch_size: 32, accum: 1, step_cost: 0.15790415, iter: 120, total: 216, reader_cost: 0.00034070, batch_cost: 0.15824485, samples: 32, ips samples/s: 202.21827348
2026-06-13 09:40:13.456 | INFO     | paddlespeech.s2t.training.trainer:do_train:312 - Train: Rank: 0, epoch: 13, step: 2947, lr: 0.00019465, train_loss: 2.19606733, batch_size: 32, accum: 1, step_cost: 0.15046763, iter: 140, total: 216, reader_cost: 0.00033331, batch_cost: 0.15080094, samples: 32, ips samples/s: 212.20026403
2026-06-13 09:40:17.497 | INFO     | paddlespeech.s2t.training.trainer:do_train:312 - Train: Rank: 0, epoch: 13, step: 2967, lr: 0.00019465, train_loss: 0.10347982, batch_size: 32, accum: 1, step_cost: 0.09951019, iter: 160, total: 216, reader_cost: 0.00029087, batch_cost: 0.09980106, samples: 32, ips samples/s: 320.63786563
2026-06-13 09:40:20.930 | INFO     | paddlespeech.s2t.training.trainer:do_train:312 - Train: Rank: 0, epoch: 13, step: 2987, lr: 0.00019465, train_loss: 0.40768898, batch_size: 32, accum: 1, step_cost: 0.12143779, iter: 180, total: 216, reader_cost: 0.00033045, batch_cost: 0.12176824, samples: 32, ips samples/s: 262.79431327
2026-06-13 09:40:25.208 | INFO     | paddlespeech.s2t.training.trainer:do_train:312 - Train: Rank: 0, epoch: 13, step: 3007, lr: 0.00019465, train_loss: 13.61001205, batch_size: 32, accum: 1, step_cost: 0.27549744, iter: 200, total: 216, reader_cost: 0.00032592, batch_cost: 0.27582335, samples: 32, ips samples/s: 116.01628162
2026-06-13 09:40:29.126 | INFO     | paddlespeech.s2t.training.timer:__exit__:44 - Epoch-Train Time Cost: 0:00:45.396193
2026-06-13 09:40:29.127 | INFO     | paddlespeech.s2t.exps.deepspeech2.model:valid:98 - Valid Total Examples: 8
2026-06-13 09:40:32.537 | INFO     | paddlespeech.s2t.exps.deepspeech2.model:valid:125 - Rank 0 Val info val_loss 25.3193768119812
2026-06-13 09:40:32.538 | INFO     | paddlespeech.s2t.training.timer:__exit__:44 - Eval Time Cost: 0:00:03.411329
2026-06-13 09:40:32.538 | INFO     | paddlespeech.s2t.training.trainer:do_train:331 - Epoch 13 Val info val_loss 25.3193768119812
2026-06-13 09:40:32.539 | INFO     | paddlespeech.s2t.utils.checkpoint:_save_best_checkpoint_and_update:197 - remove the worst checkpoint: 1
2026-06-13 09:40:32.548 | INFO     | paddlespeech.s2t.utils.checkpoint:_del_checkpoint:225 - delete file: exp/deepspeech2/checkpoints/1.pdparams
2026-06-13 09:40:32.556 | INFO     | paddlespeech.s2t.utils.checkpoint:_del_checkpoint:225 - delete file: exp/deepspeech2/checkpoints/1.pdopt
2026-06-13 09:40:32.557 | INFO     | paddlespeech.s2t.utils.checkpoint:_del_checkpoint:225 - delete file: exp/deepspeech2/checkpoints/1.json
2026-06-13 09:40:34.202 | INFO     | paddlespeech.s2t.utils.checkpoint:_save_parameters:286 - Saved model to exp/deepspeech2/checkpoints/13.pdparams
2026-06-13 09:40:35.882 | INFO     | paddlespeech.s2t.utils.checkpoint:_save_parameters:292 - Saved optimzier state to exp/deepspeech2/checkpoints/13.pdopt
2026-06-13 09:40:37.965 | INFO     | paddlespeech.s2t.utils.checkpoint:_save_parameters:286 - Saved model to exp/deepspeech2/checkpoints/13.pdparams
2026-06-13 09:40:40.093 | INFO     | paddlespeech.s2t.utils.checkpoint:_save_parameters:292 - Saved optimzier state to exp/deepspeech2/checkpoints/13.pdopt
2026-06-13 09:40:46.879 | INFO     | paddlespeech.s2t.training.trainer:do_train:312 - Train: Rank: 0, epoch: 14, step: 3043, lr: 0.00018102, train_loss: 0.54281008, batch_size: 32, accum: 1, step_cost: 0.07462335, iter: 20, total: 216, reader_cost: 0.00036716, batch_cost: 0.07499051, samples: 32, ips samples/s: 426.72065570
2026-06-13 09:40:51.628 | INFO     | paddlespeech.s2t.training.trainer:do_train:312 - Train: Rank: 0, epoch: 14, step: 3063, lr: 0.00018102, train_loss: 0.97421825, batch_size: 32, accum: 1, step_cost: 0.22699666, iter: 40, total: 216, reader_cost: 0.00031090, batch_cost: 0.22730756, samples: 32, ips samples/s: 140.77842494
2026-06-13 09:40:56.416 | INFO     | paddlespeech.s2t.training.trainer:do_train:312 - Train: Rank: 0, epoch: 14, step: 3083, lr: 0.00018102, train_loss: 0.57473552, batch_size: 32, accum: 1, step_cost: 0.12072921, iter: 60, total: 216, reader_cost: 0.00032258, batch_cost: 0.12105179, samples: 32, ips samples/s: 264.34966754
2026-06-13 09:41:01.127 | INFO     | paddlespeech.s2t.training.trainer:do_train:312 - Train: Rank: 0, epoch: 14, step: 3103, lr: 0.00018102, train_loss: 1.24235868, batch_size: 32, accum: 1, step_cost: 0.26496220, iter: 80, total: 216, reader_cost: 0.65607834, batch_cost: 0.92104053, samples: 32, ips samples/s: 34.74331344
2026-06-13 09:41:04.388 | INFO     | paddlespeech.s2t.training.trainer:do_train:312 - Train: Rank: 0, epoch: 14, step: 3123, lr: 0.00018102, train_loss: 0.44574744, batch_size: 32, accum: 1, step_cost: 0.10616136, iter: 100, total: 216, reader_cost: 0.00035238, batch_cost: 0.10651374, samples: 32, ips samples/s: 300.43072763
2026-06-13 09:41:08.547 | INFO     | paddlespeech.s2t.training.trainer:do_train:312 - Train: Rank: 0, epoch: 14, step: 3143, lr: 0.00018102, train_loss: 0.59264398, batch_size: 32, accum: 1, step_cost: 0.22276306, iter: 120, total: 216, reader_cost: 0.33761358, batch_cost: 0.56037664, samples: 32, ips samples/s: 57.10444990
2026-06-13 09:41:13.000 | INFO     | paddlespeech.s2t.training.trainer:do_train:312 - Train: Rank: 0, epoch: 14, step: 3163, lr: 0.00018102, train_loss: 0.19681281, batch_size: 32, accum: 1, step_cost: 0.10324216, iter: 140, total: 216, reader_cost: 0.00031519, batch_cost: 0.10355735, samples: 32, ips samples/s: 309.00752617
2026-06-13 09:41:17.934 | INFO     | paddlespeech.s2t.training.trainer:do_train:312 - Train: Rank: 0, epoch: 14, step: 3183, lr: 0.00018102, train_loss: 1.26969028, batch_size: 32, accum: 1, step_cost: 0.18051767, iter: 160, total: 216, reader_cost: 0.00032020, batch_cost: 0.18083787, samples: 32, ips samples/s: 176.95408635
2026-06-13 09:41:21.697 | INFO     | paddlespeech.s2t.training.trainer:do_train:312 - Train: Rank: 0, epoch: 14, step: 3203, lr: 0.00018102, train_loss: 0.68589532, batch_size: 32, accum: 1, step_cost: 0.20141506, iter: 180, total: 216, reader_cost: 0.00036168, batch_cost: 0.20177674, samples: 32, ips samples/s: 158.59112172
2026-06-13 09:41:25.527 | INFO     | paddlespeech.s2t.training.trainer:do_train:312 - Train: Rank: 0, epoch: 14, step: 3223, lr: 0.00018102, train_loss: 0.75090438, batch_size: 32, accum: 1, step_cost: 0.18899941, iter: 200, total: 216, reader_cost: 0.00037360, batch_cost: 0.18937302, samples: 32, ips samples/s: 168.97866769
2026-06-13 09:41:28.176 | INFO     | paddlespeech.s2t.training.timer:__exit__:44 - Epoch-Train Time Cost: 0:00:48.080762
2026-06-13 09:41:28.178 | INFO     | paddlespeech.s2t.exps.deepspeech2.model:valid:98 - Valid Total Examples: 8
2026-06-13 09:41:31.639 | INFO     | paddlespeech.s2t.exps.deepspeech2.model:valid:125 - Rank 0 Val info val_loss 27.002592836380003
2026-06-13 09:41:31.639 | INFO     | paddlespeech.s2t.training.timer:__exit__:44 - Eval Time Cost: 0:00:03.461675
2026-06-13 09:41:31.640 | INFO     | paddlespeech.s2t.training.trainer:do_train:331 - Epoch 14 Val info val_loss 27.002592836380003
2026-06-13 09:41:31.640 | INFO     | paddlespeech.s2t.utils.checkpoint:_save_best_checkpoint_and_update:197 - remove the worst checkpoint: 3
2026-06-13 09:41:31.646 | INFO     | paddlespeech.s2t.utils.checkpoint:_del_checkpoint:225 - delete file: exp/deepspeech2/checkpoints/3.pdparams
2026-06-13 09:41:31.650 | INFO     | paddlespeech.s2t.utils.checkpoint:_del_checkpoint:225 - delete file: exp/deepspeech2/checkpoints/3.pdopt
2026-06-13 09:41:31.651 | INFO     | paddlespeech.s2t.utils.checkpoint:_del_checkpoint:225 - delete file: exp/deepspeech2/checkpoints/3.json
2026-06-13 09:41:33.338 | INFO     | paddlespeech.s2t.utils.checkpoint:_save_parameters:286 - Saved model to exp/deepspeech2/checkpoints/14.pdparams
2026-06-13 09:41:35.068 | INFO     | paddlespeech.s2t.utils.checkpoint:_save_parameters:292 - Saved optimzier state to exp/deepspeech2/checkpoints/14.pdopt
2026-06-13 09:41:37.175 | INFO     | paddlespeech.s2t.utils.checkpoint:_save_parameters:286 - Saved model to exp/deepspeech2/checkpoints/14.pdparams
2026-06-13 09:41:39.241 | INFO     | paddlespeech.s2t.utils.checkpoint:_save_parameters:292 - Saved optimzier state to exp/deepspeech2/checkpoints/14.pdopt
2026-06-13 09:41:39.243 | INFO     | paddlespeech.s2t.training.timer:__exit__:44 - Training Done: 0:14:37.755669
